Performing C SOURCE FILE Test CMAKE_HAVE_LIBC_PTHREAD failed with the following output:
Change Dir: /home/jim/src/p310/openmmgridforce/openmmgridforce_build/CMakeFiles/CMakeTmp

Run Build Command(s):/usr/bin/gmake -f Makefile cmTC_51823/fast && /usr/bin/gmake  -f CMakeFiles/cmTC_51823.dir/build.make CMakeFiles/cmTC_51823.dir/build
gmake[1]: Entering directory '/home/jim/src/p310/openmmgridforce/openmmgridforce_build/CMakeFiles/CMakeTmp'
Building C object CMakeFiles/cmTC_51823.dir/src.c.o
/home/jim/anaconda3/envs/openmm/bin/x86_64-conda-linux-gnu-cc -DCMAKE_HAVE_LIBC_PTHREAD  -fPIC  -o CMakeFiles/cmTC_51823.dir/src.c.o -c /home/jim/src/p310/openmmgridforce/openmmgridforce_build/CMakeFiles/CMakeTmp/src.c
Linking C executable cmTC_51823
/usr/bin/cmake -E cmake_link_script CMakeFiles/cmTC_51823.dir/link.txt --verbose=1
/home/jim/anaconda3/envs/openmm/bin/x86_64-conda-linux-gnu-cc -fPIC  -Wl,-O2 -Wl,--sort-common -Wl,--as-needed -Wl,-z,relro -Wl,-z,now -Wl,--disable-new-dtags -Wl,--gc-sections -Wl,--allow-shlib-undefined -Wl,-rpath,/home/jim/anaconda3/envs/openmm/lib -Wl,-rpath-link,/home/jim/anaconda3/envs/openmm/lib -L/home/jim/anaconda3/envs/openmm/lib  CMakeFiles/cmTC_51823.dir/src.c.o -o cmTC_51823 
/home/jim/anaconda3/envs/openmm/bin/../lib/gcc/x86_64-conda-linux-gnu/12.2.0/../../../../x86_64-conda-linux-gnu/bin/ld: CMakeFiles/cmTC_51823.dir/src.c.o: in function `main':
src.c:(.text+0x2f): undefined reference to `pthread_create'
/home/jim/anaconda3/envs/openmm/bin/../lib/gcc/x86_64-conda-linux-gnu/12.2.0/../../../../x86_64-conda-linux-gnu/bin/ld: src.c:(.text+0x3b): undefined reference to `pthread_detach'
/home/jim/anaconda3/envs/openmm/bin/../lib/gcc/x86_64-conda-linux-gnu/12.2.0/../../../../x86_64-conda-linux-gnu/bin/ld: src.c:(.text+0x47): undefined reference to `pthread_cancel'
/home/jim/anaconda3/envs/openmm/bin/../lib/gcc/x86_64-conda-linux-gnu/12.2.0/../../../../x86_64-conda-linux-gnu/bin/ld: src.c:(.text+0x58): undefined reference to `pthread_join'
/home/jim/anaconda3/envs/openmm/bin/../lib/gcc/x86_64-conda-linux-gnu/12.2.0/../../../../x86_64-conda-linux-gnu/bin/ld: src.c:(.text+0x6c): undefined reference to `pthread_atfork'
collect2: error: ld returned 1 exit status
gmake[1]: *** [CMakeFiles/cmTC_51823.dir/build.make:99: cmTC_51823] Error 1
gmake[1]: Leaving directory '/home/jim/src/p310/openmmgridforce/openmmgridforce_build/CMakeFiles/CMakeTmp'
gmake: *** [Makefile:127: cmTC_51823/fast] Error 2


Source file was:
#include <pthread.h>

static void* test_func(void* data)
{
  return data;
}

int main(void)
{
  pthread_t thread;
  pthread_create(&thread, NULL, test_func, NULL);
  pthread_detach(thread);
  pthread_cancel(thread);
  pthread_join(thread, NULL);
  pthread_atfork(NULL, NULL, NULL);
  pthread_exit(NULL);

  return 0;
}

Determining if the function pthread_create exists in the pthreads failed with the following output:
Change Dir: /home/jim/src/p310/openmmgridforce/openmmgridforce_build/CMakeFiles/CMakeTmp

Run Build Command(s):/usr/bin/gmake -f Makefile cmTC_7365e/fast && /usr/bin/gmake  -f CMakeFiles/cmTC_7365e.dir/build.make CMakeFiles/cmTC_7365e.dir/build
gmake[1]: Entering directory '/home/jim/src/p310/openmmgridforce/openmmgridforce_build/CMakeFiles/CMakeTmp'
Building C object CMakeFiles/cmTC_7365e.dir/CheckFunctionExists.c.o
/home/jim/anaconda3/envs/openmm/bin/x86_64-conda-linux-gnu-cc   -fPIC -DCHECK_FUNCTION_EXISTS=pthread_create -o CMakeFiles/cmTC_7365e.dir/CheckFunctionExists.c.o -c /usr/share/cmake-3.22/Modules/CheckFunctionExists.c
Linking C executable cmTC_7365e
/usr/bin/cmake -E cmake_link_script CMakeFiles/cmTC_7365e.dir/link.txt --verbose=1
/home/jim/anaconda3/envs/openmm/bin/x86_64-conda-linux-gnu-cc -fPIC -DCHECK_FUNCTION_EXISTS=pthread_create -Wl,-O2 -Wl,--sort-common -Wl,--as-needed -Wl,-z,relro -Wl,-z,now -Wl,--disable-new-dtags -Wl,--gc-sections -Wl,--allow-shlib-undefined -Wl,-rpath,/home/jim/anaconda3/envs/openmm/lib -Wl,-rpath-link,/home/jim/anaconda3/envs/openmm/lib -L/home/jim/anaconda3/envs/openmm/lib  CMakeFiles/cmTC_7365e.dir/CheckFunctionExists.c.o -o cmTC_7365e  -lpthreads 
/home/jim/anaconda3/envs/openmm/bin/../lib/gcc/x86_64-conda-linux-gnu/12.2.0/../../../../x86_64-conda-linux-gnu/bin/ld: cannot find -lpthreads: No such file or directory
collect2: error: ld returned 1 exit status
gmake[1]: *** [CMakeFiles/cmTC_7365e.dir/build.make:99: cmTC_7365e] Error 1
gmake[1]: Leaving directory '/home/jim/src/p310/openmmgridforce/openmmgridforce_build/CMakeFiles/CMakeTmp'
gmake: *** [Makefile:127: cmTC_7365e/fast] Error 2



