The system is: Linux - 5.15.0-52-generic - x86_64
Compiling the C compiler identification source file "CMakeCCompilerId.c" succeeded.
Compiler: /home/jim/anaconda3/envs/openmm/bin/x86_64-conda-linux-gnu-cc 
Build flags: -march=nocona;-mtune=haswell;-ftree-vectorize;-fPIC;-fstack-protector-strong;-fno-plt;-O2;-ffunction-sections;-pipe;-isystem;/home/jim/anaconda3/envs/openmm/include
Id flags:  

The output was:
0


Compilation of the C compiler identification source "CMakeCCompilerId.c" produced "a.out"

The C compiler identification is GNU, found in "/home/jim/src/p310/openmmgridforce/openmmgridforce_build/CMakeFiles/3.22.1/CompilerIdC/a.out"

Compiling the CXX compiler identification source file "CMakeCXXCompilerId.cpp" succeeded.
Compiler: /home/jim/anaconda3/envs/openmm/bin/x86_64-conda-linux-gnu-c++ 
Build flags: -fvisibility-inlines-hidden;-fmessage-length=0;-march=nocona;-mtune=haswell;-ftree-vectorize;-fPIC;-fstack-protector-strong;-fno-plt;-O2;-ffunction-sections;-pipe;-isystem;/home/jim/anaconda3/envs/openmm/include
Id flags:  

The output was:
0


Compilation of the CXX compiler identification source "CMakeCXXCompilerId.cpp" produced "a.out"

The CXX compiler identification is GNU, found in "/home/jim/src/p310/openmmgridforce/openmmgridforce_build/CMakeFiles/3.22.1/CompilerIdCXX/a.out"

Detecting C compiler ABI info compiled with the following output:
Change Dir: /home/jim/src/p310/openmmgridforce/openmmgridforce_build/CMakeFiles/CMakeTmp

Run Build Command(s):/usr/bin/gmake -f Makefile cmTC_8d590/fast && /usr/bin/gmake  -f CMakeFiles/cmTC_8d590.dir/build.make CMakeFiles/cmTC_8d590.dir/build
gmake[1]: Entering directory '/home/jim/src/p310/openmmgridforce/openmmgridforce_build/CMakeFiles/CMakeTmp'
Building C object CMakeFiles/cmTC_8d590.dir/CMakeCCompilerABI.c.o
/home/jim/anaconda3/envs/openmm/bin/x86_64-conda-linux-gnu-cc   -march=nocona -mtune=haswell -ftree-vectorize -fPIC -fstack-protector-strong -fno-plt -O2 -ffunction-sections -pipe -isystem /home/jim/anaconda3/envs/openmm/include    -v -o CMakeFiles/cmTC_8d590.dir/CMakeCCompilerABI.c.o -c /usr/share/cmake-3.22/Modules/CMakeCCompilerABI.c
Reading specs from /home/jim/anaconda3/envs/openmm/bin/../lib/gcc/x86_64-conda-linux-gnu/12.2.0/specs
could not find specs file conda.specs
COLLECT_GCC=/home/jim/anaconda3/envs/openmm/bin/x86_64-conda-linux-gnu-cc
Target: x86_64-conda-linux-gnu
Configured with: ../configure --prefix=/home/conda/feedstock_root/build_artifacts/gcc_compilers_1666516830325/_h_env_placehold_placehold_placehold_placehold_placehold_placehold_placehold_placehold_placehold_placehold_placehold_placehold_placehold_placehold_placehold_placehold_placehold_placeho --with-slibdir=/home/conda/feedstock_root/build_artifacts/gcc_compilers_1666516830325/_h_env_placehold_placehold_placehold_placehold_placehold_placehold_placehold_placehold_placehold_placehold_placehold_placehold_placehold_placehold_placehold_placehold_placehold_placeho/lib --libdir=/home/conda/feedstock_root/build_artifacts/gcc_compilers_1666516830325/_h_env_placehold_placehold_placehold_placehold_placehold_placehold_placehold_placehold_placehold_placehold_placehold_placehold_placehold_placehold_placehold_placehold_placehold_placeho/lib --mandir=/home/conda/feedstock_root/build_artifacts/gcc_compilers_1666516830325/_h_env_placehold_placehold_placehold_placehold_placehold_placehold_placehold_placehold_placehold_placehold_placehold_placehold_placehold_placehold_placehold_placehold_placehold_placeho/man --build=x86_64-conda-linux-gnu --host=x86_64-conda-linux-gnu --target=x86_64-conda-linux-gnu --enable-default-pie --enable-languages=c,c++,fortran,objc,obj-c++ --enable-__cxa_atexit --disable-libmudflap --enable-libgomp --disable-libssp --enable-libquadmath --enable-libquadmath-support --enable-libsanitizer --enable-lto --enable-threads=posix --enable-target-optspace --enable-plugin --enable-gold --disable-nls --disable-bootstrap --disable-multilib --enable-long-long --with-sysroot=/home/conda/feedstock_root/build_artifacts/gcc_compilers_1666516830325/_h_env_placehold_placehold_placehold_placehold_placehold_placehold_placehold_placehold_placehold_placehold_placehold_placehold_placehold_placehold_placehold_placehold_placehold_placeho/x86_64-conda-linux-gnu/sysroot --with-build-sysroot=/home/conda/feedstock_root/build_artifacts/gcc_compilers_1666516830325/_build_env/x86_64-conda-linux-gnu/sysroot --with-gxx-include-dir=/home/conda/feedstock_root/build_artifacts/gcc_compilers_1666516830325/_h_env_placehold_placehold_placehold_placehold_placehold_placehold_placehold_placehold_placehold_placehold_placehold_placehold_placehold_placehold_placehold_placehold_placehold_placeho/x86_64-conda-linux-gnu/include/c++/12.2.0 --with-pkgversion='conda-forge gcc 12.2.0-19' --with-bugurl=https://github.com/conda-forge/ctng-compilers-feedstock/issues/new/choose
Thread model: posix
Supported LTO compression algorithms: zlib
gcc version 12.2.0 (conda-forge gcc 12.2.0-19) 
COLLECT_GCC_OPTIONS='-march=nocona' '-mtune=haswell' '-ftree-vectorize' '-fPIC' '-fstack-protector-strong' '-fno-plt' '-O2' '-ffunction-sections' '-pipe' '-isystem' '/home/jim/anaconda3/envs/openmm/include' '-v' '-o' 'CMakeFiles/cmTC_8d590.dir/CMakeCCompilerABI.c.o' '-c' '-dumpdir' 'CMakeFiles/cmTC_8d590.dir/'
 /home/jim/anaconda3/envs/openmm/bin/../libexec/gcc/x86_64-conda-linux-gnu/12.2.0/cc1 -quiet -v -iprefix /home/jim/anaconda3/envs/openmm/bin/../lib/gcc/x86_64-conda-linux-gnu/12.2.0/ -isysroot /home/jim/anaconda3/envs/openmm/bin/../x86_64-conda-linux-gnu/sysroot -isystem /home/jim/anaconda3/envs/openmm/include /usr/share/cmake-3.22/Modules/CMakeCCompilerABI.c -quiet -dumpdir CMakeFiles/cmTC_8d590.dir/ -dumpbase CMakeCCompilerABI.c.c -dumpbase-ext .c -march=nocona -mtune=haswell -O2 -version -ftree-vectorize -fPIC -fstack-protector-strong -fno-plt -ffunction-sections -o - |
 /home/jim/anaconda3/envs/openmm/bin/../lib/gcc/x86_64-conda-linux-gnu/12.2.0/../../../../x86_64-conda-linux-gnu/bin/as -v --64 -o CMakeFiles/cmTC_8d590.dir/CMakeCCompilerABI.c.o
GNU assembler version 2.39 (x86_64-conda-linux-gnu) using BFD version (GNU Binutils) 2.39
GNU C17 (conda-forge gcc 12.2.0-19) version 12.2.0 (x86_64-conda-linux-gnu)
	compiled by GNU C version 12.2.0, GMP version 6.2.1, MPFR version 4.1.0, MPC version 1.2.1, isl version isl-0.24-GMP

GGC heuristics: --param ggc-min-expand=100 --param ggc-min-heapsize=131072
ignoring duplicate directory "/home/jim/anaconda3/envs/openmm/bin/../lib/gcc/../../lib/gcc/x86_64-conda-linux-gnu/12.2.0/include"
ignoring nonexistent directory "/home/jim/anaconda3/envs/openmm/bin/../x86_64-conda-linux-gnu/sysroot/usr/local/include"
ignoring duplicate directory "/home/jim/anaconda3/envs/openmm/bin/../lib/gcc/../../lib/gcc/x86_64-conda-linux-gnu/12.2.0/include-fixed"
ignoring duplicate directory "/home/jim/anaconda3/envs/openmm/bin/../lib/gcc/../../lib/gcc/x86_64-conda-linux-gnu/12.2.0/../../../../x86_64-conda-linux-gnu/include"
#include "..." search starts here:
#include <...> search starts here:
 /home/jim/anaconda3/envs/openmm/include
 /home/jim/anaconda3/envs/openmm/bin/../lib/gcc/x86_64-conda-linux-gnu/12.2.0/include
 /home/jim/anaconda3/envs/openmm/bin/../lib/gcc/x86_64-conda-linux-gnu/12.2.0/include-fixed
 /home/jim/anaconda3/envs/openmm/bin/../lib/gcc/x86_64-conda-linux-gnu/12.2.0/../../../../x86_64-conda-linux-gnu/include
 /home/jim/anaconda3/envs/openmm/bin/../x86_64-conda-linux-gnu/sysroot/usr/include
End of search list.
GNU C17 (conda-forge gcc 12.2.0-19) version 12.2.0 (x86_64-conda-linux-gnu)
	compiled by GNU C version 12.2.0, GMP version 6.2.1, MPFR version 4.1.0, MPC version 1.2.1, isl version isl-0.24-GMP

GGC heuristics: --param ggc-min-expand=100 --param ggc-min-heapsize=131072
Compiler executable checksum: 66c3f6ff7356c595b547cfa7e011e881
COMPILER_PATH=/home/jim/anaconda3/envs/openmm/bin/../libexec/gcc/x86_64-conda-linux-gnu/12.2.0/:/home/jim/anaconda3/envs/openmm/bin/../libexec/gcc/:/home/jim/anaconda3/envs/openmm/bin/../lib/gcc/x86_64-conda-linux-gnu/12.2.0/../../../../x86_64-conda-linux-gnu/bin/
LIBRARY_PATH=/home/jim/anaconda3/envs/openmm/bin/../lib/gcc/x86_64-conda-linux-gnu/12.2.0/:/home/jim/anaconda3/envs/openmm/bin/../lib/gcc/:/home/jim/anaconda3/envs/openmm/bin/../lib/gcc/x86_64-conda-linux-gnu/12.2.0/../../../../x86_64-conda-linux-gnu/lib/../lib/:/home/jim/anaconda3/envs/openmm/bin/../lib/gcc/x86_64-conda-linux-gnu/12.2.0/../../../../lib/:/home/jim/anaconda3/envs/openmm/bin/../x86_64-conda-linux-gnu/sysroot/lib/../lib/:/home/jim/anaconda3/envs/openmm/bin/../x86_64-conda-linux-gnu/sysroot/usr/lib/../lib/:/home/jim/anaconda3/envs/openmm/bin/../lib/gcc/x86_64-conda-linux-gnu/12.2.0/../../../../x86_64-conda-linux-gnu/lib/:/home/jim/anaconda3/envs/openmm/bin/../lib/gcc/x86_64-conda-linux-gnu/12.2.0/../../../:/home/jim/anaconda3/envs/openmm/bin/../x86_64-conda-linux-gnu/sysroot/lib/:/home/jim/anaconda3/envs/openmm/bin/../x86_64-conda-linux-gnu/sysroot/usr/lib/
COLLECT_GCC_OPTIONS='-march=nocona' '-mtune=haswell' '-ftree-vectorize' '-fPIC' '-fstack-protector-strong' '-fno-plt' '-O2' '-ffunction-sections' '-pipe' '-isystem' '/home/jim/anaconda3/envs/openmm/include' '-v' '-o' 'CMakeFiles/cmTC_8d590.dir/CMakeCCompilerABI.c.o' '-c' '-dumpdir' 'CMakeFiles/cmTC_8d590.dir/CMakeCCompilerABI.c.'
Linking C executable cmTC_8d590
/usr/bin/cmake -E cmake_link_script CMakeFiles/cmTC_8d590.dir/link.txt --verbose=1
/home/jim/anaconda3/envs/openmm/bin/x86_64-conda-linux-gnu-cc -march=nocona -mtune=haswell -ftree-vectorize -fPIC -fstack-protector-strong -fno-plt -O2 -ffunction-sections -pipe -isystem /home/jim/anaconda3/envs/openmm/include  -Wl,-O2 -Wl,--sort-common -Wl,--as-needed -Wl,-z,relro -Wl,-z,now -Wl,--disable-new-dtags -Wl,--gc-sections -Wl,--allow-shlib-undefined -Wl,-rpath,/home/jim/anaconda3/envs/openmm/lib -Wl,-rpath-link,/home/jim/anaconda3/envs/openmm/lib -L/home/jim/anaconda3/envs/openmm/lib -v CMakeFiles/cmTC_8d590.dir/CMakeCCompilerABI.c.o -o cmTC_8d590 
Reading specs from /home/jim/anaconda3/envs/openmm/bin/../lib/gcc/x86_64-conda-linux-gnu/12.2.0/specs
could not find specs file conda.specs
COLLECT_GCC=/home/jim/anaconda3/envs/openmm/bin/x86_64-conda-linux-gnu-cc
COLLECT_LTO_WRAPPER=/home/jim/anaconda3/envs/openmm/bin/../libexec/gcc/x86_64-conda-linux-gnu/12.2.0/lto-wrapper
Target: x86_64-conda-linux-gnu
Configured with: ../configure --prefix=/home/conda/feedstock_root/build_artifacts/gcc_compilers_1666516830325/_h_env_placehold_placehold_placehold_placehold_placehold_placehold_placehold_placehold_placehold_placehold_placehold_placehold_placehold_placehold_placehold_placehold_placehold_placeho --with-slibdir=/home/conda/feedstock_root/build_artifacts/gcc_compilers_1666516830325/_h_env_placehold_placehold_placehold_placehold_placehold_placehold_placehold_placehold_placehold_placehold_placehold_placehold_placehold_placehold_placehold_placehold_placehold_placeho/lib --libdir=/home/conda/feedstock_root/build_artifacts/gcc_compilers_1666516830325/_h_env_placehold_placehold_placehold_placehold_placehold_placehold_placehold_placehold_placehold_placehold_placehold_placehold_placehold_placehold_placehold_placehold_placehold_placeho/lib --mandir=/home/conda/feedstock_root/build_artifacts/gcc_compilers_1666516830325/_h_env_placehold_placehold_placehold_placehold_placehold_placehold_placehold_placehold_placehold_placehold_placehold_placehold_placehold_placehold_placehold_placehold_placehold_placeho/man --build=x86_64-conda-linux-gnu --host=x86_64-conda-linux-gnu --target=x86_64-conda-linux-gnu --enable-default-pie --enable-languages=c,c++,fortran,objc,obj-c++ --enable-__cxa_atexit --disable-libmudflap --enable-libgomp --disable-libssp --enable-libquadmath --enable-libquadmath-support --enable-libsanitizer --enable-lto --enable-threads=posix --enable-target-optspace --enable-plugin --enable-gold --disable-nls --disable-bootstrap --disable-multilib --enable-long-long --with-sysroot=/home/conda/feedstock_root/build_artifacts/gcc_compilers_1666516830325/_h_env_placehold_placehold_placehold_placehold_placehold_placehold_placehold_placehold_placehold_placehold_placehold_placehold_placehold_placehold_placehold_placehold_placehold_placeho/x86_64-conda-linux-gnu/sysroot --with-build-sysroot=/home/conda/feedstock_root/build_artifacts/gcc_compilers_1666516830325/_build_env/x86_64-conda-linux-gnu/sysroot --with-gxx-include-dir=/home/conda/feedstock_root/build_artifacts/gcc_compilers_1666516830325/_h_env_placehold_placehold_placehold_placehold_placehold_placehold_placehold_placehold_placehold_placehold_placehold_placehold_placehold_placehold_placehold_placehold_placehold_placeho/x86_64-conda-linux-gnu/include/c++/12.2.0 --with-pkgversion='conda-forge gcc 12.2.0-19' --with-bugurl=https://github.com/conda-forge/ctng-compilers-feedstock/issues/new/choose
Thread model: posix
Supported LTO compression algorithms: zlib
gcc version 12.2.0 (conda-forge gcc 12.2.0-19) 
COMPILER_PATH=/home/jim/anaconda3/envs/openmm/bin/../libexec/gcc/x86_64-conda-linux-gnu/12.2.0/:/home/jim/anaconda3/envs/openmm/bin/../libexec/gcc/:/home/jim/anaconda3/envs/openmm/bin/../lib/gcc/x86_64-conda-linux-gnu/12.2.0/../../../../x86_64-conda-linux-gnu/bin/
LIBRARY_PATH=/home/jim/anaconda3/envs/openmm/bin/../lib/gcc/x86_64-conda-linux-gnu/12.2.0/:/home/jim/anaconda3/envs/openmm/bin/../lib/gcc/:/home/jim/anaconda3/envs/openmm/bin/../lib/gcc/x86_64-conda-linux-gnu/12.2.0/../../../../x86_64-conda-linux-gnu/lib/../lib/:/home/jim/anaconda3/envs/openmm/bin/../lib/gcc/x86_64-conda-linux-gnu/12.2.0/../../../../lib/:/home/jim/anaconda3/envs/openmm/bin/../x86_64-conda-linux-gnu/sysroot/lib/../lib/:/home/jim/anaconda3/envs/openmm/bin/../x86_64-conda-linux-gnu/sysroot/usr/lib/../lib/:/home/jim/anaconda3/envs/openmm/bin/../lib/gcc/x86_64-conda-linux-gnu/12.2.0/../../../../x86_64-conda-linux-gnu/lib/:/home/jim/anaconda3/envs/openmm/bin/../lib/gcc/x86_64-conda-linux-gnu/12.2.0/../../../:/home/jim/anaconda3/envs/openmm/bin/../x86_64-conda-linux-gnu/sysroot/lib/:/home/jim/anaconda3/envs/openmm/bin/../x86_64-conda-linux-gnu/sysroot/usr/lib/
COLLECT_GCC_OPTIONS='-march=nocona' '-mtune=haswell' '-ftree-vectorize' '-fPIC' '-fstack-protector-strong' '-fno-plt' '-O2' '-ffunction-sections' '-pipe' '-isystem' '/home/jim/anaconda3/envs/openmm/include' '-L/home/jim/anaconda3/envs/openmm/lib' '-v' '-o' 'cmTC_8d590' '-dumpdir' 'cmTC_8d590.'
 /home/jim/anaconda3/envs/openmm/bin/../libexec/gcc/x86_64-conda-linux-gnu/12.2.0/collect2 -plugin /home/jim/anaconda3/envs/openmm/bin/../libexec/gcc/x86_64-conda-linux-gnu/12.2.0/liblto_plugin.so -plugin-opt=/home/jim/anaconda3/envs/openmm/bin/../libexec/gcc/x86_64-conda-linux-gnu/12.2.0/lto-wrapper -plugin-opt=-fresolution=/tmp/ccpvqrnc.res -plugin-opt=-pass-through=-lgcc -plugin-opt=-pass-through=-lgcc_s -plugin-opt=-pass-through=-lc -plugin-opt=-pass-through=-lgcc -plugin-opt=-pass-through=-lgcc_s --sysroot=/home/jim/anaconda3/envs/openmm/bin/../x86_64-conda-linux-gnu/sysroot --eh-frame-hdr -m elf_x86_64 -dynamic-linker /lib64/ld-linux-x86-64.so.2 -pie -o cmTC_8d590 /home/jim/anaconda3/envs/openmm/bin/../x86_64-conda-linux-gnu/sysroot/usr/lib/../lib/Scrt1.o /home/jim/anaconda3/envs/openmm/bin/../x86_64-conda-linux-gnu/sysroot/usr/lib/../lib/crti.o /home/jim/anaconda3/envs/openmm/bin/../lib/gcc/x86_64-conda-linux-gnu/12.2.0/crtbeginS.o -L/home/jim/anaconda3/envs/openmm/lib -L/home/jim/anaconda3/envs/openmm/bin/../lib/gcc/x86_64-conda-linux-gnu/12.2.0 -L/home/jim/anaconda3/envs/openmm/bin/../lib/gcc -L/home/jim/anaconda3/envs/openmm/bin/../lib/gcc/x86_64-conda-linux-gnu/12.2.0/../../../../x86_64-conda-linux-gnu/lib/../lib -L/home/jim/anaconda3/envs/openmm/bin/../lib/gcc/x86_64-conda-linux-gnu/12.2.0/../../../../lib -L/home/jim/anaconda3/envs/openmm/bin/../x86_64-conda-linux-gnu/sysroot/lib/../lib -L/home/jim/anaconda3/envs/openmm/bin/../x86_64-conda-linux-gnu/sysroot/usr/lib/../lib -L/home/jim/anaconda3/envs/openmm/bin/../lib/gcc/x86_64-conda-linux-gnu/12.2.0/../../../../x86_64-conda-linux-gnu/lib -L/home/jim/anaconda3/envs/openmm/bin/../lib/gcc/x86_64-conda-linux-gnu/12.2.0/../../.. -L/home/jim/anaconda3/envs/openmm/bin/../x86_64-conda-linux-gnu/sysroot/lib -L/home/jim/anaconda3/envs/openmm/bin/../x86_64-conda-linux-gnu/sysroot/usr/lib -O2 --sort-common --as-needed -z relro -z now --disable-new-dtags --gc-sections --allow-shlib-undefined -rpath /home/jim/anaconda3/envs/openmm/lib -rpath-link /home/jim/anaconda3/envs/openmm/lib CMakeFiles/cmTC_8d590.dir/CMakeCCompilerABI.c.o -lgcc --push-state --as-needed -lgcc_s --pop-state -lc -lgcc --push-state --as-needed -lgcc_s --pop-state /home/jim/anaconda3/envs/openmm/bin/../lib/gcc/x86_64-conda-linux-gnu/12.2.0/crtendS.o /home/jim/anaconda3/envs/openmm/bin/../x86_64-conda-linux-gnu/sysroot/usr/lib/../lib/crtn.o -rpath /home/jim/anaconda3/envs/openmm/lib
COLLECT_GCC_OPTIONS='-march=nocona' '-mtune=haswell' '-ftree-vectorize' '-fPIC' '-fstack-protector-strong' '-fno-plt' '-O2' '-ffunction-sections' '-pipe' '-isystem' '/home/jim/anaconda3/envs/openmm/include' '-L/home/jim/anaconda3/envs/openmm/lib' '-v' '-o' 'cmTC_8d590' '-dumpdir' 'cmTC_8d590.'
gmake[1]: Leaving directory '/home/jim/src/p310/openmmgridforce/openmmgridforce_build/CMakeFiles/CMakeTmp'



Parsed C implicit include dir info from above output: rv=done
  found start of include info
  found start of implicit include info
    add: [/home/jim/anaconda3/envs/openmm/include]
    add: [/home/jim/anaconda3/envs/openmm/bin/../lib/gcc/x86_64-conda-linux-gnu/12.2.0/include]
    add: [/home/jim/anaconda3/envs/openmm/bin/../lib/gcc/x86_64-conda-linux-gnu/12.2.0/include-fixed]
    add: [/home/jim/anaconda3/envs/openmm/bin/../lib/gcc/x86_64-conda-linux-gnu/12.2.0/../../../../x86_64-conda-linux-gnu/include]
    add: [/home/jim/anaconda3/envs/openmm/bin/../x86_64-conda-linux-gnu/sysroot/usr/include]
  end of search list found
  collapse include dir [/home/jim/anaconda3/envs/openmm/include] ==> [/home/jim/anaconda3/envs/openmm/include]
  collapse include dir [/home/jim/anaconda3/envs/openmm/bin/../lib/gcc/x86_64-conda-linux-gnu/12.2.0/include] ==> [/home/jim/anaconda3/envs/openmm/lib/gcc/x86_64-conda-linux-gnu/12.2.0/include]
  collapse include dir [/home/jim/anaconda3/envs/openmm/bin/../lib/gcc/x86_64-conda-linux-gnu/12.2.0/include-fixed] ==> [/home/jim/anaconda3/envs/openmm/lib/gcc/x86_64-conda-linux-gnu/12.2.0/include-fixed]
  collapse include dir [/home/jim/anaconda3/envs/openmm/bin/../lib/gcc/x86_64-conda-linux-gnu/12.2.0/../../../../x86_64-conda-linux-gnu/include] ==> [/home/jim/anaconda3/envs/openmm/x86_64-conda-linux-gnu/include]
  collapse include dir [/home/jim/anaconda3/envs/openmm/bin/../x86_64-conda-linux-gnu/sysroot/usr/include] ==> [/home/jim/anaconda3/envs/openmm/x86_64-conda-linux-gnu/sysroot/usr/include]
  implicit include dirs: [/home/jim/anaconda3/envs/openmm/include;/home/jim/anaconda3/envs/openmm/lib/gcc/x86_64-conda-linux-gnu/12.2.0/include;/home/jim/anaconda3/envs/openmm/lib/gcc/x86_64-conda-linux-gnu/12.2.0/include-fixed;/home/jim/anaconda3/envs/openmm/x86_64-conda-linux-gnu/include;/home/jim/anaconda3/envs/openmm/x86_64-conda-linux-gnu/sysroot/usr/include]


Parsed C implicit link information from above output:
  link line regex: [^( *|.*[/\])(x86_64-conda-linux-gnu-ld|CMAKE_LINK_STARTFILE-NOTFOUND|([^/\]+-)?ld|collect2)[^/\]*( |$)]
  ignore line: [Change Dir: /home/jim/src/p310/openmmgridforce/openmmgridforce_build/CMakeFiles/CMakeTmp]
  ignore line: []
  ignore line: [Run Build Command(s):/usr/bin/gmake -f Makefile cmTC_8d590/fast && /usr/bin/gmake  -f CMakeFiles/cmTC_8d590.dir/build.make CMakeFiles/cmTC_8d590.dir/build]
  ignore line: [gmake[1]: Entering directory '/home/jim/src/p310/openmmgridforce/openmmgridforce_build/CMakeFiles/CMakeTmp']
  ignore line: [Building C object CMakeFiles/cmTC_8d590.dir/CMakeCCompilerABI.c.o]
  ignore line: [/home/jim/anaconda3/envs/openmm/bin/x86_64-conda-linux-gnu-cc   -march=nocona -mtune=haswell -ftree-vectorize -fPIC -fstack-protector-strong -fno-plt -O2 -ffunction-sections -pipe -isystem /home/jim/anaconda3/envs/openmm/include    -v -o CMakeFiles/cmTC_8d590.dir/CMakeCCompilerABI.c.o -c /usr/share/cmake-3.22/Modules/CMakeCCompilerABI.c]
  ignore line: [Reading specs from /home/jim/anaconda3/envs/openmm/bin/../lib/gcc/x86_64-conda-linux-gnu/12.2.0/specs]
  ignore line: [could not find specs file conda.specs]
  ignore line: [COLLECT_GCC=/home/jim/anaconda3/envs/openmm/bin/x86_64-conda-linux-gnu-cc]
  ignore line: [Target: x86_64-conda-linux-gnu]
  ignore line: [Configured with: ../configure --prefix=/home/conda/feedstock_root/build_artifacts/gcc_compilers_1666516830325/_h_env_placehold_placehold_placehold_placehold_placehold_placehold_placehold_placehold_placehold_placehold_placehold_placehold_placehold_placehold_placehold_placehold_placehold_placeho --with-slibdir=/home/conda/feedstock_root/build_artifacts/gcc_compilers_1666516830325/_h_env_placehold_placehold_placehold_placehold_placehold_placehold_placehold_placehold_placehold_placehold_placehold_placehold_placehold_placehold_placehold_placehold_placehold_placeho/lib --libdir=/home/conda/feedstock_root/build_artifacts/gcc_compilers_1666516830325/_h_env_placehold_placehold_placehold_placehold_placehold_placehold_placehold_placehold_placehold_placehold_placehold_placehold_placehold_placehold_placehold_placehold_placehold_placeho/lib --mandir=/home/conda/feedstock_root/build_artifacts/gcc_compilers_1666516830325/_h_env_placehold_placehold_placehold_placehold_placehold_placehold_placehold_placehold_placehold_placehold_placehold_placehold_placehold_placehold_placehold_placehold_placehold_placeho/man --build=x86_64-conda-linux-gnu --host=x86_64-conda-linux-gnu --target=x86_64-conda-linux-gnu --enable-default-pie --enable-languages=c c++ fortran objc obj-c++ --enable-__cxa_atexit --disable-libmudflap --enable-libgomp --disable-libssp --enable-libquadmath --enable-libquadmath-support --enable-libsanitizer --enable-lto --enable-threads=posix --enable-target-optspace --enable-plugin --enable-gold --disable-nls --disable-bootstrap --disable-multilib --enable-long-long --with-sysroot=/home/conda/feedstock_root/build_artifacts/gcc_compilers_1666516830325/_h_env_placehold_placehold_placehold_placehold_placehold_placehold_placehold_placehold_placehold_placehold_placehold_placehold_placehold_placehold_placehold_placehold_placehold_placeho/x86_64-conda-linux-gnu/sysroot --with-build-sysroot=/home/conda/feedstock_root/build_artifacts/gcc_compilers_1666516830325/_build_env/x86_64-conda-linux-gnu/sysroot --with-gxx-include-dir=/home/conda/feedstock_root/build_artifacts/gcc_compilers_1666516830325/_h_env_placehold_placehold_placehold_placehold_placehold_placehold_placehold_placehold_placehold_placehold_placehold_placehold_placehold_placehold_placehold_placehold_placehold_placeho/x86_64-conda-linux-gnu/include/c++/12.2.0 --with-pkgversion='conda-forge gcc 12.2.0-19' --with-bugurl=https://github.com/conda-forge/ctng-compilers-feedstock/issues/new/choose]
  ignore line: [Thread model: posix]
  ignore line: [Supported LTO compression algorithms: zlib]
  ignore line: [gcc version 12.2.0 (conda-forge gcc 12.2.0-19) ]
  ignore line: [COLLECT_GCC_OPTIONS='-march=nocona' '-mtune=haswell' '-ftree-vectorize' '-fPIC' '-fstack-protector-strong' '-fno-plt' '-O2' '-ffunction-sections' '-pipe' '-isystem' '/home/jim/anaconda3/envs/openmm/include' '-v' '-o' 'CMakeFiles/cmTC_8d590.dir/CMakeCCompilerABI.c.o' '-c' '-dumpdir' 'CMakeFiles/cmTC_8d590.dir/']
  ignore line: [ /home/jim/anaconda3/envs/openmm/bin/../libexec/gcc/x86_64-conda-linux-gnu/12.2.0/cc1 -quiet -v -iprefix /home/jim/anaconda3/envs/openmm/bin/../lib/gcc/x86_64-conda-linux-gnu/12.2.0/ -isysroot /home/jim/anaconda3/envs/openmm/bin/../x86_64-conda-linux-gnu/sysroot -isystem /home/jim/anaconda3/envs/openmm/include /usr/share/cmake-3.22/Modules/CMakeCCompilerABI.c -quiet -dumpdir CMakeFiles/cmTC_8d590.dir/ -dumpbase CMakeCCompilerABI.c.c -dumpbase-ext .c -march=nocona -mtune=haswell -O2 -version -ftree-vectorize -fPIC -fstack-protector-strong -fno-plt -ffunction-sections -o - |]
  ignore line: [ /home/jim/anaconda3/envs/openmm/bin/../lib/gcc/x86_64-conda-linux-gnu/12.2.0/../../../../x86_64-conda-linux-gnu/bin/as -v --64 -o CMakeFiles/cmTC_8d590.dir/CMakeCCompilerABI.c.o]
  ignore line: [GNU assembler version 2.39 (x86_64-conda-linux-gnu) using BFD version (GNU Binutils) 2.39]
  ignore line: [GNU C17 (conda-forge gcc 12.2.0-19) version 12.2.0 (x86_64-conda-linux-gnu)]
  ignore line: [	compiled by GNU C version 12.2.0  GMP version 6.2.1  MPFR version 4.1.0  MPC version 1.2.1  isl version isl-0.24-GMP]
  ignore line: []
  ignore line: [GGC heuristics: --param ggc-min-expand=100 --param ggc-min-heapsize=131072]
  ignore line: [ignoring duplicate directory "/home/jim/anaconda3/envs/openmm/bin/../lib/gcc/../../lib/gcc/x86_64-conda-linux-gnu/12.2.0/include"]
  ignore line: [ignoring nonexistent directory "/home/jim/anaconda3/envs/openmm/bin/../x86_64-conda-linux-gnu/sysroot/usr/local/include"]
  ignore line: [ignoring duplicate directory "/home/jim/anaconda3/envs/openmm/bin/../lib/gcc/../../lib/gcc/x86_64-conda-linux-gnu/12.2.0/include-fixed"]
  ignore line: [ignoring duplicate directory "/home/jim/anaconda3/envs/openmm/bin/../lib/gcc/../../lib/gcc/x86_64-conda-linux-gnu/12.2.0/../../../../x86_64-conda-linux-gnu/include"]
  ignore line: [#include "..." search starts here:]
  ignore line: [#include <...> search starts here:]
  ignore line: [ /home/jim/anaconda3/envs/openmm/include]
  ignore line: [ /home/jim/anaconda3/envs/openmm/bin/../lib/gcc/x86_64-conda-linux-gnu/12.2.0/include]
  ignore line: [ /home/jim/anaconda3/envs/openmm/bin/../lib/gcc/x86_64-conda-linux-gnu/12.2.0/include-fixed]
  ignore line: [ /home/jim/anaconda3/envs/openmm/bin/../lib/gcc/x86_64-conda-linux-gnu/12.2.0/../../../../x86_64-conda-linux-gnu/include]
  ignore line: [ /home/jim/anaconda3/envs/openmm/bin/../x86_64-conda-linux-gnu/sysroot/usr/include]
  ignore line: [End of search list.]
  ignore line: [GNU C17 (conda-forge gcc 12.2.0-19) version 12.2.0 (x86_64-conda-linux-gnu)]
  ignore line: [	compiled by GNU C version 12.2.0  GMP version 6.2.1  MPFR version 4.1.0  MPC version 1.2.1  isl version isl-0.24-GMP]
  ignore line: []
  ignore line: [GGC heuristics: --param ggc-min-expand=100 --param ggc-min-heapsize=131072]
  ignore line: [Compiler executable checksum: 66c3f6ff7356c595b547cfa7e011e881]
  ignore line: [COMPILER_PATH=/home/jim/anaconda3/envs/openmm/bin/../libexec/gcc/x86_64-conda-linux-gnu/12.2.0/:/home/jim/anaconda3/envs/openmm/bin/../libexec/gcc/:/home/jim/anaconda3/envs/openmm/bin/../lib/gcc/x86_64-conda-linux-gnu/12.2.0/../../../../x86_64-conda-linux-gnu/bin/]
  ignore line: [LIBRARY_PATH=/home/jim/anaconda3/envs/openmm/bin/../lib/gcc/x86_64-conda-linux-gnu/12.2.0/:/home/jim/anaconda3/envs/openmm/bin/../lib/gcc/:/home/jim/anaconda3/envs/openmm/bin/../lib/gcc/x86_64-conda-linux-gnu/12.2.0/../../../../x86_64-conda-linux-gnu/lib/../lib/:/home/jim/anaconda3/envs/openmm/bin/../lib/gcc/x86_64-conda-linux-gnu/12.2.0/../../../../lib/:/home/jim/anaconda3/envs/openmm/bin/../x86_64-conda-linux-gnu/sysroot/lib/../lib/:/home/jim/anaconda3/envs/openmm/bin/../x86_64-conda-linux-gnu/sysroot/usr/lib/../lib/:/home/jim/anaconda3/envs/openmm/bin/../lib/gcc/x86_64-conda-linux-gnu/12.2.0/../../../../x86_64-conda-linux-gnu/lib/:/home/jim/anaconda3/envs/openmm/bin/../lib/gcc/x86_64-conda-linux-gnu/12.2.0/../../../:/home/jim/anaconda3/envs/openmm/bin/../x86_64-conda-linux-gnu/sysroot/lib/:/home/jim/anaconda3/envs/openmm/bin/../x86_64-conda-linux-gnu/sysroot/usr/lib/]
  ignore line: [COLLECT_GCC_OPTIONS='-march=nocona' '-mtune=haswell' '-ftree-vectorize' '-fPIC' '-fstack-protector-strong' '-fno-plt' '-O2' '-ffunction-sections' '-pipe' '-isystem' '/home/jim/anaconda3/envs/openmm/include' '-v' '-o' 'CMakeFiles/cmTC_8d590.dir/CMakeCCompilerABI.c.o' '-c' '-dumpdir' 'CMakeFiles/cmTC_8d590.dir/CMakeCCompilerABI.c.']
  ignore line: [Linking C executable cmTC_8d590]
  ignore line: [/usr/bin/cmake -E cmake_link_script CMakeFiles/cmTC_8d590.dir/link.txt --verbose=1]
  ignore line: [/home/jim/anaconda3/envs/openmm/bin/x86_64-conda-linux-gnu-cc -march=nocona -mtune=haswell -ftree-vectorize -fPIC -fstack-protector-strong -fno-plt -O2 -ffunction-sections -pipe -isystem /home/jim/anaconda3/envs/openmm/include  -Wl -O2 -Wl --sort-common -Wl --as-needed -Wl -z relro -Wl -z now -Wl --disable-new-dtags -Wl --gc-sections -Wl --allow-shlib-undefined -Wl -rpath /home/jim/anaconda3/envs/openmm/lib -Wl -rpath-link /home/jim/anaconda3/envs/openmm/lib -L/home/jim/anaconda3/envs/openmm/lib -v CMakeFiles/cmTC_8d590.dir/CMakeCCompilerABI.c.o -o cmTC_8d590 ]
  ignore line: [Reading specs from /home/jim/anaconda3/envs/openmm/bin/../lib/gcc/x86_64-conda-linux-gnu/12.2.0/specs]
  ignore line: [could not find specs file conda.specs]
  ignore line: [COLLECT_GCC=/home/jim/anaconda3/envs/openmm/bin/x86_64-conda-linux-gnu-cc]
  ignore line: [COLLECT_LTO_WRAPPER=/home/jim/anaconda3/envs/openmm/bin/../libexec/gcc/x86_64-conda-linux-gnu/12.2.0/lto-wrapper]
  ignore line: [Target: x86_64-conda-linux-gnu]
  ignore line: [Configured with: ../configure --prefix=/home/conda/feedstock_root/build_artifacts/gcc_compilers_1666516830325/_h_env_placehold_placehold_placehold_placehold_placehold_placehold_placehold_placehold_placehold_placehold_placehold_placehold_placehold_placehold_placehold_placehold_placehold_placeho --with-slibdir=/home/conda/feedstock_root/build_artifacts/gcc_compilers_1666516830325/_h_env_placehold_placehold_placehold_placehold_placehold_placehold_placehold_placehold_placehold_placehold_placehold_placehold_placehold_placehold_placehold_placehold_placehold_placeho/lib --libdir=/home/conda/feedstock_root/build_artifacts/gcc_compilers_1666516830325/_h_env_placehold_placehold_placehold_placehold_placehold_placehold_placehold_placehold_placehold_placehold_placehold_placehold_placehold_placehold_placehold_placehold_placehold_placeho/lib --mandir=/home/conda/feedstock_root/build_artifacts/gcc_compilers_1666516830325/_h_env_placehold_placehold_placehold_placehold_placehold_placehold_placehold_placehold_placehold_placehold_placehold_placehold_placehold_placehold_placehold_placehold_placehold_placeho/man --build=x86_64-conda-linux-gnu --host=x86_64-conda-linux-gnu --target=x86_64-conda-linux-gnu --enable-default-pie --enable-languages=c c++ fortran objc obj-c++ --enable-__cxa_atexit --disable-libmudflap --enable-libgomp --disable-libssp --enable-libquadmath --enable-libquadmath-support --enable-libsanitizer --enable-lto --enable-threads=posix --enable-target-optspace --enable-plugin --enable-gold --disable-nls --disable-bootstrap --disable-multilib --enable-long-long --with-sysroot=/home/conda/feedstock_root/build_artifacts/gcc_compilers_1666516830325/_h_env_placehold_placehold_placehold_placehold_placehold_placehold_placehold_placehold_placehold_placehold_placehold_placehold_placehold_placehold_placehold_placehold_placehold_placeho/x86_64-conda-linux-gnu/sysroot --with-build-sysroot=/home/conda/feedstock_root/build_artifacts/gcc_compilers_1666516830325/_build_env/x86_64-conda-linux-gnu/sysroot --with-gxx-include-dir=/home/conda/feedstock_root/build_artifacts/gcc_compilers_1666516830325/_h_env_placehold_placehold_placehold_placehold_placehold_placehold_placehold_placehold_placehold_placehold_placehold_placehold_placehold_placehold_placehold_placehold_placehold_placeho/x86_64-conda-linux-gnu/include/c++/12.2.0 --with-pkgversion='conda-forge gcc 12.2.0-19' --with-bugurl=https://github.com/conda-forge/ctng-compilers-feedstock/issues/new/choose]
  ignore line: [Thread model: posix]
  ignore line: [Supported LTO compression algorithms: zlib]
  ignore line: [gcc version 12.2.0 (conda-forge gcc 12.2.0-19) ]
  ignore line: [COMPILER_PATH=/home/jim/anaconda3/envs/openmm/bin/../libexec/gcc/x86_64-conda-linux-gnu/12.2.0/:/home/jim/anaconda3/envs/openmm/bin/../libexec/gcc/:/home/jim/anaconda3/envs/openmm/bin/../lib/gcc/x86_64-conda-linux-gnu/12.2.0/../../../../x86_64-conda-linux-gnu/bin/]
  ignore line: [LIBRARY_PATH=/home/jim/anaconda3/envs/openmm/bin/../lib/gcc/x86_64-conda-linux-gnu/12.2.0/:/home/jim/anaconda3/envs/openmm/bin/../lib/gcc/:/home/jim/anaconda3/envs/openmm/bin/../lib/gcc/x86_64-conda-linux-gnu/12.2.0/../../../../x86_64-conda-linux-gnu/lib/../lib/:/home/jim/anaconda3/envs/openmm/bin/../lib/gcc/x86_64-conda-linux-gnu/12.2.0/../../../../lib/:/home/jim/anaconda3/envs/openmm/bin/../x86_64-conda-linux-gnu/sysroot/lib/../lib/:/home/jim/anaconda3/envs/openmm/bin/../x86_64-conda-linux-gnu/sysroot/usr/lib/../lib/:/home/jim/anaconda3/envs/openmm/bin/../lib/gcc/x86_64-conda-linux-gnu/12.2.0/../../../../x86_64-conda-linux-gnu/lib/:/home/jim/anaconda3/envs/openmm/bin/../lib/gcc/x86_64-conda-linux-gnu/12.2.0/../../../:/home/jim/anaconda3/envs/openmm/bin/../x86_64-conda-linux-gnu/sysroot/lib/:/home/jim/anaconda3/envs/openmm/bin/../x86_64-conda-linux-gnu/sysroot/usr/lib/]
  ignore line: [COLLECT_GCC_OPTIONS='-march=nocona' '-mtune=haswell' '-ftree-vectorize' '-fPIC' '-fstack-protector-strong' '-fno-plt' '-O2' '-ffunction-sections' '-pipe' '-isystem' '/home/jim/anaconda3/envs/openmm/include' '-L/home/jim/anaconda3/envs/openmm/lib' '-v' '-o' 'cmTC_8d590' '-dumpdir' 'cmTC_8d590.']
  link line: [ /home/jim/anaconda3/envs/openmm/bin/../libexec/gcc/x86_64-conda-linux-gnu/12.2.0/collect2 -plugin /home/jim/anaconda3/envs/openmm/bin/../libexec/gcc/x86_64-conda-linux-gnu/12.2.0/liblto_plugin.so -plugin-opt=/home/jim/anaconda3/envs/openmm/bin/../libexec/gcc/x86_64-conda-linux-gnu/12.2.0/lto-wrapper -plugin-opt=-fresolution=/tmp/ccpvqrnc.res -plugin-opt=-pass-through=-lgcc -plugin-opt=-pass-through=-lgcc_s -plugin-opt=-pass-through=-lc -plugin-opt=-pass-through=-lgcc -plugin-opt=-pass-through=-lgcc_s --sysroot=/home/jim/anaconda3/envs/openmm/bin/../x86_64-conda-linux-gnu/sysroot --eh-frame-hdr -m elf_x86_64 -dynamic-linker /lib64/ld-linux-x86-64.so.2 -pie -o cmTC_8d590 /home/jim/anaconda3/envs/openmm/bin/../x86_64-conda-linux-gnu/sysroot/usr/lib/../lib/Scrt1.o /home/jim/anaconda3/envs/openmm/bin/../x86_64-conda-linux-gnu/sysroot/usr/lib/../lib/crti.o /home/jim/anaconda3/envs/openmm/bin/../lib/gcc/x86_64-conda-linux-gnu/12.2.0/crtbeginS.o -L/home/jim/anaconda3/envs/openmm/lib -L/home/jim/anaconda3/envs/openmm/bin/../lib/gcc/x86_64-conda-linux-gnu/12.2.0 -L/home/jim/anaconda3/envs/openmm/bin/../lib/gcc -L/home/jim/anaconda3/envs/openmm/bin/../lib/gcc/x86_64-conda-linux-gnu/12.2.0/../../../../x86_64-conda-linux-gnu/lib/../lib -L/home/jim/anaconda3/envs/openmm/bin/../lib/gcc/x86_64-conda-linux-gnu/12.2.0/../../../../lib -L/home/jim/anaconda3/envs/openmm/bin/../x86_64-conda-linux-gnu/sysroot/lib/../lib -L/home/jim/anaconda3/envs/openmm/bin/../x86_64-conda-linux-gnu/sysroot/usr/lib/../lib -L/home/jim/anaconda3/envs/openmm/bin/../lib/gcc/x86_64-conda-linux-gnu/12.2.0/../../../../x86_64-conda-linux-gnu/lib -L/home/jim/anaconda3/envs/openmm/bin/../lib/gcc/x86_64-conda-linux-gnu/12.2.0/../../.. -L/home/jim/anaconda3/envs/openmm/bin/../x86_64-conda-linux-gnu/sysroot/lib -L/home/jim/anaconda3/envs/openmm/bin/../x86_64-conda-linux-gnu/sysroot/usr/lib -O2 --sort-common --as-needed -z relro -z now --disable-new-dtags --gc-sections --allow-shlib-undefined -rpath /home/jim/anaconda3/envs/openmm/lib -rpath-link /home/jim/anaconda3/envs/openmm/lib CMakeFiles/cmTC_8d590.dir/CMakeCCompilerABI.c.o -lgcc --push-state --as-needed -lgcc_s --pop-state -lc -lgcc --push-state --as-needed -lgcc_s --pop-state /home/jim/anaconda3/envs/openmm/bin/../lib/gcc/x86_64-conda-linux-gnu/12.2.0/crtendS.o /home/jim/anaconda3/envs/openmm/bin/../x86_64-conda-linux-gnu/sysroot/usr/lib/../lib/crtn.o -rpath /home/jim/anaconda3/envs/openmm/lib]
    arg [/home/jim/anaconda3/envs/openmm/bin/../libexec/gcc/x86_64-conda-linux-gnu/12.2.0/collect2] ==> ignore
    arg [-plugin] ==> ignore
    arg [/home/jim/anaconda3/envs/openmm/bin/../libexec/gcc/x86_64-conda-linux-gnu/12.2.0/liblto_plugin.so] ==> ignore
    arg [-plugin-opt=/home/jim/anaconda3/envs/openmm/bin/../libexec/gcc/x86_64-conda-linux-gnu/12.2.0/lto-wrapper] ==> ignore
    arg [-plugin-opt=-fresolution=/tmp/ccpvqrnc.res] ==> ignore
    arg [-plugin-opt=-pass-through=-lgcc] ==> ignore
    arg [-plugin-opt=-pass-through=-lgcc_s] ==> ignore
    arg [-plugin-opt=-pass-through=-lc] ==> ignore
    arg [-plugin-opt=-pass-through=-lgcc] ==> ignore
    arg [-plugin-opt=-pass-through=-lgcc_s] ==> ignore
    arg [--sysroot=/home/jim/anaconda3/envs/openmm/bin/../x86_64-conda-linux-gnu/sysroot] ==> ignore
    arg [--eh-frame-hdr] ==> ignore
    arg [-m] ==> ignore
    arg [elf_x86_64] ==> ignore
    arg [-dynamic-linker] ==> ignore
    arg [/lib64/ld-linux-x86-64.so.2] ==> ignore
    arg [-pie] ==> ignore
    arg [-o] ==> ignore
    arg [cmTC_8d590] ==> ignore
    arg [/home/jim/anaconda3/envs/openmm/bin/../x86_64-conda-linux-gnu/sysroot/usr/lib/../lib/Scrt1.o] ==> obj [/home/jim/anaconda3/envs/openmm/bin/../x86_64-conda-linux-gnu/sysroot/usr/lib/../lib/Scrt1.o]
    arg [/home/jim/anaconda3/envs/openmm/bin/../x86_64-conda-linux-gnu/sysroot/usr/lib/../lib/crti.o] ==> obj [/home/jim/anaconda3/envs/openmm/bin/../x86_64-conda-linux-gnu/sysroot/usr/lib/../lib/crti.o]
    arg [/home/jim/anaconda3/envs/openmm/bin/../lib/gcc/x86_64-conda-linux-gnu/12.2.0/crtbeginS.o] ==> obj [/home/jim/anaconda3/envs/openmm/bin/../lib/gcc/x86_64-conda-linux-gnu/12.2.0/crtbeginS.o]
    arg [-L/home/jim/anaconda3/envs/openmm/lib] ==> dir [/home/jim/anaconda3/envs/openmm/lib]
    arg [-L/home/jim/anaconda3/envs/openmm/bin/../lib/gcc/x86_64-conda-linux-gnu/12.2.0] ==> dir [/home/jim/anaconda3/envs/openmm/bin/../lib/gcc/x86_64-conda-linux-gnu/12.2.0]
    arg [-L/home/jim/anaconda3/envs/openmm/bin/../lib/gcc] ==> dir [/home/jim/anaconda3/envs/openmm/bin/../lib/gcc]
    arg [-L/home/jim/anaconda3/envs/openmm/bin/../lib/gcc/x86_64-conda-linux-gnu/12.2.0/../../../../x86_64-conda-linux-gnu/lib/../lib] ==> dir [/home/jim/anaconda3/envs/openmm/bin/../lib/gcc/x86_64-conda-linux-gnu/12.2.0/../../../../x86_64-conda-linux-gnu/lib/../lib]
    arg [-L/home/jim/anaconda3/envs/openmm/bin/../lib/gcc/x86_64-conda-linux-gnu/12.2.0/../../../../lib] ==> dir [/home/jim/anaconda3/envs/openmm/bin/../lib/gcc/x86_64-conda-linux-gnu/12.2.0/../../../../lib]
    arg [-L/home/jim/anaconda3/envs/openmm/bin/../x86_64-conda-linux-gnu/sysroot/lib/../lib] ==> dir [/home/jim/anaconda3/envs/openmm/bin/../x86_64-conda-linux-gnu/sysroot/lib/../lib]
    arg [-L/home/jim/anaconda3/envs/openmm/bin/../x86_64-conda-linux-gnu/sysroot/usr/lib/../lib] ==> dir [/home/jim/anaconda3/envs/openmm/bin/../x86_64-conda-linux-gnu/sysroot/usr/lib/../lib]
    arg [-L/home/jim/anaconda3/envs/openmm/bin/../lib/gcc/x86_64-conda-linux-gnu/12.2.0/../../../../x86_64-conda-linux-gnu/lib] ==> dir [/home/jim/anaconda3/envs/openmm/bin/../lib/gcc/x86_64-conda-linux-gnu/12.2.0/../../../../x86_64-conda-linux-gnu/lib]
    arg [-L/home/jim/anaconda3/envs/openmm/bin/../lib/gcc/x86_64-conda-linux-gnu/12.2.0/../../..] ==> dir [/home/jim/anaconda3/envs/openmm/bin/../lib/gcc/x86_64-conda-linux-gnu/12.2.0/../../..]
    arg [-L/home/jim/anaconda3/envs/openmm/bin/../x86_64-conda-linux-gnu/sysroot/lib] ==> dir [/home/jim/anaconda3/envs/openmm/bin/../x86_64-conda-linux-gnu/sysroot/lib]
    arg [-L/home/jim/anaconda3/envs/openmm/bin/../x86_64-conda-linux-gnu/sysroot/usr/lib] ==> dir [/home/jim/anaconda3/envs/openmm/bin/../x86_64-conda-linux-gnu/sysroot/usr/lib]
    arg [-O2] ==> ignore
    arg [--sort-common] ==> ignore
    arg [--as-needed] ==> ignore
    arg [-zrelro] ==> ignore
    arg [-znow] ==> ignore
    arg [--disable-new-dtags] ==> ignore
    arg [--gc-sections] ==> ignore
    arg [--allow-shlib-undefined] ==> ignore
    arg [-rpath] ==> ignore
    arg [/home/jim/anaconda3/envs/openmm/lib] ==> ignore
    arg [-rpath-link] ==> ignore
    arg [/home/jim/anaconda3/envs/openmm/lib] ==> ignore
    arg [CMakeFiles/cmTC_8d590.dir/CMakeCCompilerABI.c.o] ==> ignore
    arg [-lgcc] ==> lib [gcc]
    arg [--push-state] ==> ignore
    arg [--as-needed] ==> ignore
    arg [-lgcc_s] ==> lib [gcc_s]
    arg [--pop-state] ==> ignore
    arg [-lc] ==> lib [c]
    arg [-lgcc] ==> lib [gcc]
    arg [--push-state] ==> ignore
    arg [--as-needed] ==> ignore
    arg [-lgcc_s] ==> lib [gcc_s]
    arg [--pop-state] ==> ignore
    arg [/home/jim/anaconda3/envs/openmm/bin/../lib/gcc/x86_64-conda-linux-gnu/12.2.0/crtendS.o] ==> obj [/home/jim/anaconda3/envs/openmm/bin/../lib/gcc/x86_64-conda-linux-gnu/12.2.0/crtendS.o]
    arg [/home/jim/anaconda3/envs/openmm/bin/../x86_64-conda-linux-gnu/sysroot/usr/lib/../lib/crtn.o] ==> obj [/home/jim/anaconda3/envs/openmm/bin/../x86_64-conda-linux-gnu/sysroot/usr/lib/../lib/crtn.o]
    arg [-rpath] ==> ignore
    arg [/home/jim/anaconda3/envs/openmm/lib] ==> ignore
  collapse obj [/home/jim/anaconda3/envs/openmm/bin/../x86_64-conda-linux-gnu/sysroot/usr/lib/../lib/Scrt1.o] ==> [/home/jim/anaconda3/envs/openmm/x86_64-conda-linux-gnu/sysroot/usr/lib/Scrt1.o]
  collapse obj [/home/jim/anaconda3/envs/openmm/bin/../x86_64-conda-linux-gnu/sysroot/usr/lib/../lib/crti.o] ==> [/home/jim/anaconda3/envs/openmm/x86_64-conda-linux-gnu/sysroot/usr/lib/crti.o]
  collapse obj [/home/jim/anaconda3/envs/openmm/bin/../lib/gcc/x86_64-conda-linux-gnu/12.2.0/crtbeginS.o] ==> [/home/jim/anaconda3/envs/openmm/lib/gcc/x86_64-conda-linux-gnu/12.2.0/crtbeginS.o]
  collapse obj [/home/jim/anaconda3/envs/openmm/bin/../lib/gcc/x86_64-conda-linux-gnu/12.2.0/crtendS.o] ==> [/home/jim/anaconda3/envs/openmm/lib/gcc/x86_64-conda-linux-gnu/12.2.0/crtendS.o]
  collapse obj [/home/jim/anaconda3/envs/openmm/bin/../x86_64-conda-linux-gnu/sysroot/usr/lib/../lib/crtn.o] ==> [/home/jim/anaconda3/envs/openmm/x86_64-conda-linux-gnu/sysroot/usr/lib/crtn.o]
  collapse library dir [/home/jim/anaconda3/envs/openmm/lib] ==> [/home/jim/anaconda3/envs/openmm/lib]
  collapse library dir [/home/jim/anaconda3/envs/openmm/bin/../lib/gcc/x86_64-conda-linux-gnu/12.2.0] ==> [/home/jim/anaconda3/envs/openmm/lib/gcc/x86_64-conda-linux-gnu/12.2.0]
  collapse library dir [/home/jim/anaconda3/envs/openmm/bin/../lib/gcc] ==> [/home/jim/anaconda3/envs/openmm/lib/gcc]
  collapse library dir [/home/jim/anaconda3/envs/openmm/bin/../lib/gcc/x86_64-conda-linux-gnu/12.2.0/../../../../x86_64-conda-linux-gnu/lib/../lib] ==> [/home/jim/anaconda3/envs/openmm/x86_64-conda-linux-gnu/lib]
  collapse library dir [/home/jim/anaconda3/envs/openmm/bin/../lib/gcc/x86_64-conda-linux-gnu/12.2.0/../../../../lib] ==> [/home/jim/anaconda3/envs/openmm/lib]
  collapse library dir [/home/jim/anaconda3/envs/openmm/bin/../x86_64-conda-linux-gnu/sysroot/lib/../lib] ==> [/home/jim/anaconda3/envs/openmm/x86_64-conda-linux-gnu/sysroot/lib]
  collapse library dir [/home/jim/anaconda3/envs/openmm/bin/../x86_64-conda-linux-gnu/sysroot/usr/lib/../lib] ==> [/home/jim/anaconda3/envs/openmm/x86_64-conda-linux-gnu/sysroot/usr/lib]
  collapse library dir [/home/jim/anaconda3/envs/openmm/bin/../lib/gcc/x86_64-conda-linux-gnu/12.2.0/../../../../x86_64-conda-linux-gnu/lib] ==> [/home/jim/anaconda3/envs/openmm/x86_64-conda-linux-gnu/lib]
  collapse library dir [/home/jim/anaconda3/envs/openmm/bin/../lib/gcc/x86_64-conda-linux-gnu/12.2.0/../../..] ==> [/home/jim/anaconda3/envs/openmm/lib]
  collapse library dir [/home/jim/anaconda3/envs/openmm/bin/../x86_64-conda-linux-gnu/sysroot/lib] ==> [/home/jim/anaconda3/envs/openmm/x86_64-conda-linux-gnu/sysroot/lib]
  collapse library dir [/home/jim/anaconda3/envs/openmm/bin/../x86_64-conda-linux-gnu/sysroot/usr/lib] ==> [/home/jim/anaconda3/envs/openmm/x86_64-conda-linux-gnu/sysroot/usr/lib]
  implicit libs: [gcc;gcc_s;c;gcc;gcc_s]
  implicit objs: [/home/jim/anaconda3/envs/openmm/x86_64-conda-linux-gnu/sysroot/usr/lib/Scrt1.o;/home/jim/anaconda3/envs/openmm/x86_64-conda-linux-gnu/sysroot/usr/lib/crti.o;/home/jim/anaconda3/envs/openmm/lib/gcc/x86_64-conda-linux-gnu/12.2.0/crtbeginS.o;/home/jim/anaconda3/envs/openmm/lib/gcc/x86_64-conda-linux-gnu/12.2.0/crtendS.o;/home/jim/anaconda3/envs/openmm/x86_64-conda-linux-gnu/sysroot/usr/lib/crtn.o]
  implicit dirs: [/home/jim/anaconda3/envs/openmm/lib;/home/jim/anaconda3/envs/openmm/lib/gcc/x86_64-conda-linux-gnu/12.2.0;/home/jim/anaconda3/envs/openmm/lib/gcc;/home/jim/anaconda3/envs/openmm/x86_64-conda-linux-gnu/lib;/home/jim/anaconda3/envs/openmm/x86_64-conda-linux-gnu/sysroot/lib;/home/jim/anaconda3/envs/openmm/x86_64-conda-linux-gnu/sysroot/usr/lib]
  implicit fwks: []


Detecting CXX compiler ABI info compiled with the following output:
Change Dir: /home/jim/src/p310/openmmgridforce/openmmgridforce_build/CMakeFiles/CMakeTmp

Run Build Command(s):/usr/bin/gmake -f Makefile cmTC_ba699/fast && /usr/bin/gmake  -f CMakeFiles/cmTC_ba699.dir/build.make CMakeFiles/cmTC_ba699.dir/build
gmake[1]: Entering directory '/home/jim/src/p310/openmmgridforce/openmmgridforce_build/CMakeFiles/CMakeTmp'
Building CXX object CMakeFiles/cmTC_ba699.dir/CMakeCXXCompilerABI.cpp.o
/home/jim/anaconda3/envs/openmm/bin/x86_64-conda-linux-gnu-c++   -fvisibility-inlines-hidden -fmessage-length=0 -march=nocona -mtune=haswell -ftree-vectorize -fPIC -fstack-protector-strong -fno-plt -O2 -ffunction-sections -pipe -isystem /home/jim/anaconda3/envs/openmm/include    -v -o CMakeFiles/cmTC_ba699.dir/CMakeCXXCompilerABI.cpp.o -c /usr/share/cmake-3.22/Modules/CMakeCXXCompilerABI.cpp
Reading specs from /home/jim/anaconda3/envs/openmm/bin/../lib/gcc/x86_64-conda-linux-gnu/12.2.0/specs
could not find specs file conda.specs
COLLECT_GCC=/home/jim/anaconda3/envs/openmm/bin/x86_64-conda-linux-gnu-c++
Target: x86_64-conda-linux-gnu
Configured with: ../configure --prefix=/home/conda/feedstock_root/build_artifacts/gcc_compilers_1666516830325/_h_env_placehold_placehold_placehold_placehold_placehold_placehold_placehold_placehold_placehold_placehold_placehold_placehold_placehold_placehold_placehold_placehold_placehold_placeho --with-slibdir=/home/conda/feedstock_root/build_artifacts/gcc_compilers_1666516830325/_h_env_placehold_placehold_placehold_placehold_placehold_placehold_placehold_placehold_placehold_placehold_placehold_placehold_placehold_placehold_placehold_placehold_placehold_placeho/lib --libdir=/home/conda/feedstock_root/build_artifacts/gcc_compilers_1666516830325/_h_env_placehold_placehold_placehold_placehold_placehold_placehold_placehold_placehold_placehold_placehold_placehold_placehold_placehold_placehold_placehold_placehold_placehold_placeho/lib --mandir=/home/conda/feedstock_root/build_artifacts/gcc_compilers_1666516830325/_h_env_placehold_placehold_placehold_placehold_placehold_placehold_placehold_placehold_placehold_placehold_placehold_placehold_placehold_placehold_placehold_placehold_placehold_placeho/man --build=x86_64-conda-linux-gnu --host=x86_64-conda-linux-gnu --target=x86_64-conda-linux-gnu --enable-default-pie --enable-languages=c,c++,fortran,objc,obj-c++ --enable-__cxa_atexit --disable-libmudflap --enable-libgomp --disable-libssp --enable-libquadmath --enable-libquadmath-support --enable-libsanitizer --enable-lto --enable-threads=posix --enable-target-optspace --enable-plugin --enable-gold --disable-nls --disable-bootstrap --disable-multilib --enable-long-long --with-sysroot=/home/conda/feedstock_root/build_artifacts/gcc_compilers_1666516830325/_h_env_placehold_placehold_placehold_placehold_placehold_placehold_placehold_placehold_placehold_placehold_placehold_placehold_placehold_placehold_placehold_placehold_placehold_placeho/x86_64-conda-linux-gnu/sysroot --with-build-sysroot=/home/conda/feedstock_root/build_artifacts/gcc_compilers_1666516830325/_build_env/x86_64-conda-linux-gnu/sysroot --with-gxx-include-dir=/home/conda/feedstock_root/build_artifacts/gcc_compilers_1666516830325/_h_env_placehold_placehold_placehold_placehold_placehold_placehold_placehold_placehold_placehold_placehold_placehold_placehold_placehold_placehold_placehold_placehold_placehold_placeho/x86_64-conda-linux-gnu/include/c++/12.2.0 --with-pkgversion='conda-forge gcc 12.2.0-19' --with-bugurl=https://github.com/conda-forge/ctng-compilers-feedstock/issues/new/choose
Thread model: posix
Supported LTO compression algorithms: zlib
gcc version 12.2.0 (conda-forge gcc 12.2.0-19) 
COLLECT_GCC_OPTIONS='-fvisibility-inlines-hidden' '-fmessage-length=0' '-march=nocona' '-mtune=haswell' '-ftree-vectorize' '-fPIC' '-fstack-protector-strong' '-fno-plt' '-O2' '-ffunction-sections' '-pipe' '-isystem' '/home/jim/anaconda3/envs/openmm/include' '-v' '-o' 'CMakeFiles/cmTC_ba699.dir/CMakeCXXCompilerABI.cpp.o' '-c' '-shared-libgcc' '-dumpdir' 'CMakeFiles/cmTC_ba699.dir/'
 /home/jim/anaconda3/envs/openmm/bin/../libexec/gcc/x86_64-conda-linux-gnu/12.2.0/cc1plus -quiet -v -iprefix /home/jim/anaconda3/envs/openmm/bin/../lib/gcc/x86_64-conda-linux-gnu/12.2.0/ -isysroot /home/jim/anaconda3/envs/openmm/bin/../x86_64-conda-linux-gnu/sysroot -D_GNU_SOURCE -isystem /home/jim/anaconda3/envs/openmm/include /usr/share/cmake-3.22/Modules/CMakeCXXCompilerABI.cpp -quiet -dumpdir CMakeFiles/cmTC_ba699.dir/ -dumpbase CMakeCXXCompilerABI.cpp.cpp -dumpbase-ext .cpp -march=nocona -mtune=haswell -O2 -version -fvisibility-inlines-hidden -fmessage-length=0 -ftree-vectorize -fPIC -fstack-protector-strong -fno-plt -ffunction-sections -o - |
 /home/jim/anaconda3/envs/openmm/bin/../lib/gcc/x86_64-conda-linux-gnu/12.2.0/../../../../x86_64-conda-linux-gnu/bin/as -v --64 -o CMakeFiles/cmTC_ba699.dir/CMakeCXXCompilerABI.cpp.o
GNU assembler version 2.39 (x86_64-conda-linux-gnu) using BFD version (GNU Binutils) 2.39
GNU C++17 (conda-forge gcc 12.2.0-19) version 12.2.0 (x86_64-conda-linux-gnu)
	compiled by GNU C version 12.2.0, GMP version 6.2.1, MPFR version 4.1.0, MPC version 1.2.1, isl version isl-0.24-GMP

GGC heuristics: --param ggc-min-expand=100 --param ggc-min-heapsize=131072
ignoring duplicate directory "/home/jim/anaconda3/envs/openmm/bin/../lib/gcc/../../lib/gcc/x86_64-conda-linux-gnu/12.2.0/include"
ignoring nonexistent directory "/home/jim/anaconda3/envs/openmm/bin/../x86_64-conda-linux-gnu/sysroot/usr/local/include"
ignoring duplicate directory "/home/jim/anaconda3/envs/openmm/bin/../lib/gcc/../../lib/gcc/x86_64-conda-linux-gnu/12.2.0/include-fixed"
ignoring duplicate directory "/home/jim/anaconda3/envs/openmm/bin/../lib/gcc/../../lib/gcc/x86_64-conda-linux-gnu/12.2.0/../../../../x86_64-conda-linux-gnu/include"
#include "..." search starts here:
#include <...> search starts here:
 /home/jim/anaconda3/envs/openmm/include
 /home/jim/anaconda3/envs/openmm/bin/../lib/gcc/x86_64-conda-linux-gnu/12.2.0/include
 /home/jim/anaconda3/envs/openmm/bin/../lib/gcc/x86_64-conda-linux-gnu/12.2.0/include-fixed
 /home/jim/anaconda3/envs/openmm/bin/../lib/gcc/x86_64-conda-linux-gnu/12.2.0/../../../../x86_64-conda-linux-gnu/include
 /home/jim/anaconda3/envs/openmm/bin/../lib/gcc/../../x86_64-conda-linux-gnu/include/c++/12.2.0
 /home/jim/anaconda3/envs/openmm/bin/../lib/gcc/../../x86_64-conda-linux-gnu/include/c++/12.2.0/x86_64-conda-linux-gnu
 /home/jim/anaconda3/envs/openmm/bin/../lib/gcc/../../x86_64-conda-linux-gnu/include/c++/12.2.0/backward
 /home/jim/anaconda3/envs/openmm/bin/../x86_64-conda-linux-gnu/sysroot/usr/include
End of search list.
GNU C++17 (conda-forge gcc 12.2.0-19) version 12.2.0 (x86_64-conda-linux-gnu)
	compiled by GNU C version 12.2.0, GMP version 6.2.1, MPFR version 4.1.0, MPC version 1.2.1, isl version isl-0.24-GMP

GGC heuristics: --param ggc-min-expand=100 --param ggc-min-heapsize=131072
Compiler executable checksum: fbf67d0d09f5a25e299e94d7fca6d5e5
COMPILER_PATH=/home/jim/anaconda3/envs/openmm/bin/../libexec/gcc/x86_64-conda-linux-gnu/12.2.0/:/home/jim/anaconda3/envs/openmm/bin/../libexec/gcc/:/home/jim/anaconda3/envs/openmm/bin/../lib/gcc/x86_64-conda-linux-gnu/12.2.0/../../../../x86_64-conda-linux-gnu/bin/
LIBRARY_PATH=/home/jim/anaconda3/envs/openmm/bin/../lib/gcc/x86_64-conda-linux-gnu/12.2.0/:/home/jim/anaconda3/envs/openmm/bin/../lib/gcc/:/home/jim/anaconda3/envs/openmm/bin/../lib/gcc/x86_64-conda-linux-gnu/12.2.0/../../../../x86_64-conda-linux-gnu/lib/../lib/:/home/jim/anaconda3/envs/openmm/bin/../lib/gcc/x86_64-conda-linux-gnu/12.2.0/../../../../lib/:/home/jim/anaconda3/envs/openmm/bin/../x86_64-conda-linux-gnu/sysroot/lib/../lib/:/home/jim/anaconda3/envs/openmm/bin/../x86_64-conda-linux-gnu/sysroot/usr/lib/../lib/:/home/jim/anaconda3/envs/openmm/bin/../lib/gcc/x86_64-conda-linux-gnu/12.2.0/../../../../x86_64-conda-linux-gnu/lib/:/home/jim/anaconda3/envs/openmm/bin/../lib/gcc/x86_64-conda-linux-gnu/12.2.0/../../../:/home/jim/anaconda3/envs/openmm/bin/../x86_64-conda-linux-gnu/sysroot/lib/:/home/jim/anaconda3/envs/openmm/bin/../x86_64-conda-linux-gnu/sysroot/usr/lib/
COLLECT_GCC_OPTIONS='-fvisibility-inlines-hidden' '-fmessage-length=0' '-march=nocona' '-mtune=haswell' '-ftree-vectorize' '-fPIC' '-fstack-protector-strong' '-fno-plt' '-O2' '-ffunction-sections' '-pipe' '-isystem' '/home/jim/anaconda3/envs/openmm/include' '-v' '-o' 'CMakeFiles/cmTC_ba699.dir/CMakeCXXCompilerABI.cpp.o' '-c' '-shared-libgcc' '-dumpdir' 'CMakeFiles/cmTC_ba699.dir/CMakeCXXCompilerABI.cpp.'
Linking CXX executable cmTC_ba699
/usr/bin/cmake -E cmake_link_script CMakeFiles/cmTC_ba699.dir/link.txt --verbose=1
/home/jim/anaconda3/envs/openmm/bin/x86_64-conda-linux-gnu-c++ -fvisibility-inlines-hidden -fmessage-length=0 -march=nocona -mtune=haswell -ftree-vectorize -fPIC -fstack-protector-strong -fno-plt -O2 -ffunction-sections -pipe -isystem /home/jim/anaconda3/envs/openmm/include  -Wl,-O2 -Wl,--sort-common -Wl,--as-needed -Wl,-z,relro -Wl,-z,now -Wl,--disable-new-dtags -Wl,--gc-sections -Wl,--allow-shlib-undefined -Wl,-rpath,/home/jim/anaconda3/envs/openmm/lib -Wl,-rpath-link,/home/jim/anaconda3/envs/openmm/lib -L/home/jim/anaconda3/envs/openmm/lib -v CMakeFiles/cmTC_ba699.dir/CMakeCXXCompilerABI.cpp.o -o cmTC_ba699 
Reading specs from /home/jim/anaconda3/envs/openmm/bin/../lib/gcc/x86_64-conda-linux-gnu/12.2.0/specs
could not find specs file conda.specs
COLLECT_GCC=/home/jim/anaconda3/envs/openmm/bin/x86_64-conda-linux-gnu-c++
COLLECT_LTO_WRAPPER=/home/jim/anaconda3/envs/openmm/bin/../libexec/gcc/x86_64-conda-linux-gnu/12.2.0/lto-wrapper
Target: x86_64-conda-linux-gnu
Configured with: ../configure --prefix=/home/conda/feedstock_root/build_artifacts/gcc_compilers_1666516830325/_h_env_placehold_placehold_placehold_placehold_placehold_placehold_placehold_placehold_placehold_placehold_placehold_placehold_placehold_placehold_placehold_placehold_placehold_placeho --with-slibdir=/home/conda/feedstock_root/build_artifacts/gcc_compilers_1666516830325/_h_env_placehold_placehold_placehold_placehold_placehold_placehold_placehold_placehold_placehold_placehold_placehold_placehold_placehold_placehold_placehold_placehold_placehold_placeho/lib --libdir=/home/conda/feedstock_root/build_artifacts/gcc_compilers_1666516830325/_h_env_placehold_placehold_placehold_placehold_placehold_placehold_placehold_placehold_placehold_placehold_placehold_placehold_placehold_placehold_placehold_placehold_placehold_placeho/lib --mandir=/home/conda/feedstock_root/build_artifacts/gcc_compilers_1666516830325/_h_env_placehold_placehold_placehold_placehold_placehold_placehold_placehold_placehold_placehold_placehold_placehold_placehold_placehold_placehold_placehold_placehold_placehold_placeho/man --build=x86_64-conda-linux-gnu --host=x86_64-conda-linux-gnu --target=x86_64-conda-linux-gnu --enable-default-pie --enable-languages=c,c++,fortran,objc,obj-c++ --enable-__cxa_atexit --disable-libmudflap --enable-libgomp --disable-libssp --enable-libquadmath --enable-libquadmath-support --enable-libsanitizer --enable-lto --enable-threads=posix --enable-target-optspace --enable-plugin --enable-gold --disable-nls --disable-bootstrap --disable-multilib --enable-long-long --with-sysroot=/home/conda/feedstock_root/build_artifacts/gcc_compilers_1666516830325/_h_env_placehold_placehold_placehold_placehold_placehold_placehold_placehold_placehold_placehold_placehold_placehold_placehold_placehold_placehold_placehold_placehold_placehold_placeho/x86_64-conda-linux-gnu/sysroot --with-build-sysroot=/home/conda/feedstock_root/build_artifacts/gcc_compilers_1666516830325/_build_env/x86_64-conda-linux-gnu/sysroot --with-gxx-include-dir=/home/conda/feedstock_root/build_artifacts/gcc_compilers_1666516830325/_h_env_placehold_placehold_placehold_placehold_placehold_placehold_placehold_placehold_placehold_placehold_placehold_placehold_placehold_placehold_placehold_placehold_placehold_placeho/x86_64-conda-linux-gnu/include/c++/12.2.0 --with-pkgversion='conda-forge gcc 12.2.0-19' --with-bugurl=https://github.com/conda-forge/ctng-compilers-feedstock/issues/new/choose
Thread model: posix
Supported LTO compression algorithms: zlib
gcc version 12.2.0 (conda-forge gcc 12.2.0-19) 
COMPILER_PATH=/home/jim/anaconda3/envs/openmm/bin/../libexec/gcc/x86_64-conda-linux-gnu/12.2.0/:/home/jim/anaconda3/envs/openmm/bin/../libexec/gcc/:/home/jim/anaconda3/envs/openmm/bin/../lib/gcc/x86_64-conda-linux-gnu/12.2.0/../../../../x86_64-conda-linux-gnu/bin/
LIBRARY_PATH=/home/jim/anaconda3/envs/openmm/bin/../lib/gcc/x86_64-conda-linux-gnu/12.2.0/:/home/jim/anaconda3/envs/openmm/bin/../lib/gcc/:/home/jim/anaconda3/envs/openmm/bin/../lib/gcc/x86_64-conda-linux-gnu/12.2.0/../../../../x86_64-conda-linux-gnu/lib/../lib/:/home/jim/anaconda3/envs/openmm/bin/../lib/gcc/x86_64-conda-linux-gnu/12.2.0/../../../../lib/:/home/jim/anaconda3/envs/openmm/bin/../x86_64-conda-linux-gnu/sysroot/lib/../lib/:/home/jim/anaconda3/envs/openmm/bin/../x86_64-conda-linux-gnu/sysroot/usr/lib/../lib/:/home/jim/anaconda3/envs/openmm/bin/../lib/gcc/x86_64-conda-linux-gnu/12.2.0/../../../../x86_64-conda-linux-gnu/lib/:/home/jim/anaconda3/envs/openmm/bin/../lib/gcc/x86_64-conda-linux-gnu/12.2.0/../../../:/home/jim/anaconda3/envs/openmm/bin/../x86_64-conda-linux-gnu/sysroot/lib/:/home/jim/anaconda3/envs/openmm/bin/../x86_64-conda-linux-gnu/sysroot/usr/lib/
COLLECT_GCC_OPTIONS='-fvisibility-inlines-hidden' '-fmessage-length=0' '-march=nocona' '-mtune=haswell' '-ftree-vectorize' '-fPIC' '-fstack-protector-strong' '-fno-plt' '-O2' '-ffunction-sections' '-pipe' '-isystem' '/home/jim/anaconda3/envs/openmm/include' '-L/home/jim/anaconda3/envs/openmm/lib' '-v' '-o' 'cmTC_ba699' '-shared-libgcc' '-dumpdir' 'cmTC_ba699.'
 /home/jim/anaconda3/envs/openmm/bin/../libexec/gcc/x86_64-conda-linux-gnu/12.2.0/collect2 -plugin /home/jim/anaconda3/envs/openmm/bin/../libexec/gcc/x86_64-conda-linux-gnu/12.2.0/liblto_plugin.so -plugin-opt=/home/jim/anaconda3/envs/openmm/bin/../libexec/gcc/x86_64-conda-linux-gnu/12.2.0/lto-wrapper -plugin-opt=-fresolution=/tmp/ccOFjMpt.res -plugin-opt=-pass-through=-lgcc_s -plugin-opt=-pass-through=-lgcc -plugin-opt=-pass-through=-lc -plugin-opt=-pass-through=-lgcc_s -plugin-opt=-pass-through=-lgcc --sysroot=/home/jim/anaconda3/envs/openmm/bin/../x86_64-conda-linux-gnu/sysroot --eh-frame-hdr -m elf_x86_64 -dynamic-linker /lib64/ld-linux-x86-64.so.2 -pie -o cmTC_ba699 /home/jim/anaconda3/envs/openmm/bin/../x86_64-conda-linux-gnu/sysroot/usr/lib/../lib/Scrt1.o /home/jim/anaconda3/envs/openmm/bin/../x86_64-conda-linux-gnu/sysroot/usr/lib/../lib/crti.o /home/jim/anaconda3/envs/openmm/bin/../lib/gcc/x86_64-conda-linux-gnu/12.2.0/crtbeginS.o -L/home/jim/anaconda3/envs/openmm/lib -L/home/jim/anaconda3/envs/openmm/bin/../lib/gcc/x86_64-conda-linux-gnu/12.2.0 -L/home/jim/anaconda3/envs/openmm/bin/../lib/gcc -L/home/jim/anaconda3/envs/openmm/bin/../lib/gcc/x86_64-conda-linux-gnu/12.2.0/../../../../x86_64-conda-linux-gnu/lib/../lib -L/home/jim/anaconda3/envs/openmm/bin/../lib/gcc/x86_64-conda-linux-gnu/12.2.0/../../../../lib -L/home/jim/anaconda3/envs/openmm/bin/../x86_64-conda-linux-gnu/sysroot/lib/../lib -L/home/jim/anaconda3/envs/openmm/bin/../x86_64-conda-linux-gnu/sysroot/usr/lib/../lib -L/home/jim/anaconda3/envs/openmm/bin/../lib/gcc/x86_64-conda-linux-gnu/12.2.0/../../../../x86_64-conda-linux-gnu/lib -L/home/jim/anaconda3/envs/openmm/bin/../lib/gcc/x86_64-conda-linux-gnu/12.2.0/../../.. -L/home/jim/anaconda3/envs/openmm/bin/../x86_64-conda-linux-gnu/sysroot/lib -L/home/jim/anaconda3/envs/openmm/bin/../x86_64-conda-linux-gnu/sysroot/usr/lib -O2 --sort-common --as-needed -z relro -z now --disable-new-dtags --gc-sections --allow-shlib-undefined -rpath /home/jim/anaconda3/envs/openmm/lib -rpath-link /home/jim/anaconda3/envs/openmm/lib CMakeFiles/cmTC_ba699.dir/CMakeCXXCompilerABI.cpp.o -lstdc++ -lm -lgcc_s -lgcc -lc -lgcc_s -lgcc /home/jim/anaconda3/envs/openmm/bin/../lib/gcc/x86_64-conda-linux-gnu/12.2.0/crtendS.o /home/jim/anaconda3/envs/openmm/bin/../x86_64-conda-linux-gnu/sysroot/usr/lib/../lib/crtn.o -rpath /home/jim/anaconda3/envs/openmm/lib
COLLECT_GCC_OPTIONS='-fvisibility-inlines-hidden' '-fmessage-length=0' '-march=nocona' '-mtune=haswell' '-ftree-vectorize' '-fPIC' '-fstack-protector-strong' '-fno-plt' '-O2' '-ffunction-sections' '-pipe' '-isystem' '/home/jim/anaconda3/envs/openmm/include' '-L/home/jim/anaconda3/envs/openmm/lib' '-v' '-o' 'cmTC_ba699' '-shared-libgcc' '-dumpdir' 'cmTC_ba699.'
gmake[1]: Leaving directory '/home/jim/src/p310/openmmgridforce/openmmgridforce_build/CMakeFiles/CMakeTmp'



Parsed CXX implicit include dir info from above output: rv=done
  found start of include info
  found start of implicit include info
    add: [/home/jim/anaconda3/envs/openmm/include]
    add: [/home/jim/anaconda3/envs/openmm/bin/../lib/gcc/x86_64-conda-linux-gnu/12.2.0/include]
    add: [/home/jim/anaconda3/envs/openmm/bin/../lib/gcc/x86_64-conda-linux-gnu/12.2.0/include-fixed]
    add: [/home/jim/anaconda3/envs/openmm/bin/../lib/gcc/x86_64-conda-linux-gnu/12.2.0/../../../../x86_64-conda-linux-gnu/include]
    add: [/home/jim/anaconda3/envs/openmm/bin/../lib/gcc/../../x86_64-conda-linux-gnu/include/c++/12.2.0]
    add: [/home/jim/anaconda3/envs/openmm/bin/../lib/gcc/../../x86_64-conda-linux-gnu/include/c++/12.2.0/x86_64-conda-linux-gnu]
    add: [/home/jim/anaconda3/envs/openmm/bin/../lib/gcc/../../x86_64-conda-linux-gnu/include/c++/12.2.0/backward]
    add: [/home/jim/anaconda3/envs/openmm/bin/../x86_64-conda-linux-gnu/sysroot/usr/include]
  end of search list found
  collapse include dir [/home/jim/anaconda3/envs/openmm/include] ==> [/home/jim/anaconda3/envs/openmm/include]
  collapse include dir [/home/jim/anaconda3/envs/openmm/bin/../lib/gcc/x86_64-conda-linux-gnu/12.2.0/include] ==> [/home/jim/anaconda3/envs/openmm/lib/gcc/x86_64-conda-linux-gnu/12.2.0/include]
  collapse include dir [/home/jim/anaconda3/envs/openmm/bin/../lib/gcc/x86_64-conda-linux-gnu/12.2.0/include-fixed] ==> [/home/jim/anaconda3/envs/openmm/lib/gcc/x86_64-conda-linux-gnu/12.2.0/include-fixed]
  collapse include dir [/home/jim/anaconda3/envs/openmm/bin/../lib/gcc/x86_64-conda-linux-gnu/12.2.0/../../../../x86_64-conda-linux-gnu/include] ==> [/home/jim/anaconda3/envs/openmm/x86_64-conda-linux-gnu/include]
  collapse include dir [/home/jim/anaconda3/envs/openmm/bin/../lib/gcc/../../x86_64-conda-linux-gnu/include/c++/12.2.0] ==> [/home/jim/anaconda3/envs/openmm/x86_64-conda-linux-gnu/include/c++/12.2.0]
  collapse include dir [/home/jim/anaconda3/envs/openmm/bin/../lib/gcc/../../x86_64-conda-linux-gnu/include/c++/12.2.0/x86_64-conda-linux-gnu] ==> [/home/jim/anaconda3/envs/openmm/x86_64-conda-linux-gnu/include/c++/12.2.0/x86_64-conda-linux-gnu]
  collapse include dir [/home/jim/anaconda3/envs/openmm/bin/../lib/gcc/../../x86_64-conda-linux-gnu/include/c++/12.2.0/backward] ==> [/home/jim/anaconda3/envs/openmm/x86_64-conda-linux-gnu/include/c++/12.2.0/backward]
  collapse include dir [/home/jim/anaconda3/envs/openmm/bin/../x86_64-conda-linux-gnu/sysroot/usr/include] ==> [/home/jim/anaconda3/envs/openmm/x86_64-conda-linux-gnu/sysroot/usr/include]
  implicit include dirs: [/home/jim/anaconda3/envs/openmm/include;/home/jim/anaconda3/envs/openmm/lib/gcc/x86_64-conda-linux-gnu/12.2.0/include;/home/jim/anaconda3/envs/openmm/lib/gcc/x86_64-conda-linux-gnu/12.2.0/include-fixed;/home/jim/anaconda3/envs/openmm/x86_64-conda-linux-gnu/include;/home/jim/anaconda3/envs/openmm/x86_64-conda-linux-gnu/include/c++/12.2.0;/home/jim/anaconda3/envs/openmm/x86_64-conda-linux-gnu/include/c++/12.2.0/x86_64-conda-linux-gnu;/home/jim/anaconda3/envs/openmm/x86_64-conda-linux-gnu/include/c++/12.2.0/backward;/home/jim/anaconda3/envs/openmm/x86_64-conda-linux-gnu/sysroot/usr/include]


Parsed CXX implicit link information from above output:
  link line regex: [^( *|.*[/\])(x86_64-conda-linux-gnu-ld|CMAKE_LINK_STARTFILE-NOTFOUND|([^/\]+-)?ld|collect2)[^/\]*( |$)]
  ignore line: [Change Dir: /home/jim/src/p310/openmmgridforce/openmmgridforce_build/CMakeFiles/CMakeTmp]
  ignore line: []
  ignore line: [Run Build Command(s):/usr/bin/gmake -f Makefile cmTC_ba699/fast && /usr/bin/gmake  -f CMakeFiles/cmTC_ba699.dir/build.make CMakeFiles/cmTC_ba699.dir/build]
  ignore line: [gmake[1]: Entering directory '/home/jim/src/p310/openmmgridforce/openmmgridforce_build/CMakeFiles/CMakeTmp']
  ignore line: [Building CXX object CMakeFiles/cmTC_ba699.dir/CMakeCXXCompilerABI.cpp.o]
  ignore line: [/home/jim/anaconda3/envs/openmm/bin/x86_64-conda-linux-gnu-c++   -fvisibility-inlines-hidden -fmessage-length=0 -march=nocona -mtune=haswell -ftree-vectorize -fPIC -fstack-protector-strong -fno-plt -O2 -ffunction-sections -pipe -isystem /home/jim/anaconda3/envs/openmm/include    -v -o CMakeFiles/cmTC_ba699.dir/CMakeCXXCompilerABI.cpp.o -c /usr/share/cmake-3.22/Modules/CMakeCXXCompilerABI.cpp]
  ignore line: [Reading specs from /home/jim/anaconda3/envs/openmm/bin/../lib/gcc/x86_64-conda-linux-gnu/12.2.0/specs]
  ignore line: [could not find specs file conda.specs]
  ignore line: [COLLECT_GCC=/home/jim/anaconda3/envs/openmm/bin/x86_64-conda-linux-gnu-c++]
  ignore line: [Target: x86_64-conda-linux-gnu]
  ignore line: [Configured with: ../configure --prefix=/home/conda/feedstock_root/build_artifacts/gcc_compilers_1666516830325/_h_env_placehold_placehold_placehold_placehold_placehold_placehold_placehold_placehold_placehold_placehold_placehold_placehold_placehold_placehold_placehold_placehold_placehold_placeho --with-slibdir=/home/conda/feedstock_root/build_artifacts/gcc_compilers_1666516830325/_h_env_placehold_placehold_placehold_placehold_placehold_placehold_placehold_placehold_placehold_placehold_placehold_placehold_placehold_placehold_placehold_placehold_placehold_placeho/lib --libdir=/home/conda/feedstock_root/build_artifacts/gcc_compilers_1666516830325/_h_env_placehold_placehold_placehold_placehold_placehold_placehold_placehold_placehold_placehold_placehold_placehold_placehold_placehold_placehold_placehold_placehold_placehold_placeho/lib --mandir=/home/conda/feedstock_root/build_artifacts/gcc_compilers_1666516830325/_h_env_placehold_placehold_placehold_placehold_placehold_placehold_placehold_placehold_placehold_placehold_placehold_placehold_placehold_placehold_placehold_placehold_placehold_placeho/man --build=x86_64-conda-linux-gnu --host=x86_64-conda-linux-gnu --target=x86_64-conda-linux-gnu --enable-default-pie --enable-languages=c c++ fortran objc obj-c++ --enable-__cxa_atexit --disable-libmudflap --enable-libgomp --disable-libssp --enable-libquadmath --enable-libquadmath-support --enable-libsanitizer --enable-lto --enable-threads=posix --enable-target-optspace --enable-plugin --enable-gold --disable-nls --disable-bootstrap --disable-multilib --enable-long-long --with-sysroot=/home/conda/feedstock_root/build_artifacts/gcc_compilers_1666516830325/_h_env_placehold_placehold_placehold_placehold_placehold_placehold_placehold_placehold_placehold_placehold_placehold_placehold_placehold_placehold_placehold_placehold_placehold_placeho/x86_64-conda-linux-gnu/sysroot --with-build-sysroot=/home/conda/feedstock_root/build_artifacts/gcc_compilers_1666516830325/_build_env/x86_64-conda-linux-gnu/sysroot --with-gxx-include-dir=/home/conda/feedstock_root/build_artifacts/gcc_compilers_1666516830325/_h_env_placehold_placehold_placehold_placehold_placehold_placehold_placehold_placehold_placehold_placehold_placehold_placehold_placehold_placehold_placehold_placehold_placehold_placeho/x86_64-conda-linux-gnu/include/c++/12.2.0 --with-pkgversion='conda-forge gcc 12.2.0-19' --with-bugurl=https://github.com/conda-forge/ctng-compilers-feedstock/issues/new/choose]
  ignore line: [Thread model: posix]
  ignore line: [Supported LTO compression algorithms: zlib]
  ignore line: [gcc version 12.2.0 (conda-forge gcc 12.2.0-19) ]
  ignore line: [COLLECT_GCC_OPTIONS='-fvisibility-inlines-hidden' '-fmessage-length=0' '-march=nocona' '-mtune=haswell' '-ftree-vectorize' '-fPIC' '-fstack-protector-strong' '-fno-plt' '-O2' '-ffunction-sections' '-pipe' '-isystem' '/home/jim/anaconda3/envs/openmm/include' '-v' '-o' 'CMakeFiles/cmTC_ba699.dir/CMakeCXXCompilerABI.cpp.o' '-c' '-shared-libgcc' '-dumpdir' 'CMakeFiles/cmTC_ba699.dir/']
  ignore line: [ /home/jim/anaconda3/envs/openmm/bin/../libexec/gcc/x86_64-conda-linux-gnu/12.2.0/cc1plus -quiet -v -iprefix /home/jim/anaconda3/envs/openmm/bin/../lib/gcc/x86_64-conda-linux-gnu/12.2.0/ -isysroot /home/jim/anaconda3/envs/openmm/bin/../x86_64-conda-linux-gnu/sysroot -D_GNU_SOURCE -isystem /home/jim/anaconda3/envs/openmm/include /usr/share/cmake-3.22/Modules/CMakeCXXCompilerABI.cpp -quiet -dumpdir CMakeFiles/cmTC_ba699.dir/ -dumpbase CMakeCXXCompilerABI.cpp.cpp -dumpbase-ext .cpp -march=nocona -mtune=haswell -O2 -version -fvisibility-inlines-hidden -fmessage-length=0 -ftree-vectorize -fPIC -fstack-protector-strong -fno-plt -ffunction-sections -o - |]
  ignore line: [ /home/jim/anaconda3/envs/openmm/bin/../lib/gcc/x86_64-conda-linux-gnu/12.2.0/../../../../x86_64-conda-linux-gnu/bin/as -v --64 -o CMakeFiles/cmTC_ba699.dir/CMakeCXXCompilerABI.cpp.o]
  ignore line: [GNU assembler version 2.39 (x86_64-conda-linux-gnu) using BFD version (GNU Binutils) 2.39]
  ignore line: [GNU C++17 (conda-forge gcc 12.2.0-19) version 12.2.0 (x86_64-conda-linux-gnu)]
  ignore line: [	compiled by GNU C version 12.2.0  GMP version 6.2.1  MPFR version 4.1.0  MPC version 1.2.1  isl version isl-0.24-GMP]
  ignore line: []
  ignore line: [GGC heuristics: --param ggc-min-expand=100 --param ggc-min-heapsize=131072]
  ignore line: [ignoring duplicate directory "/home/jim/anaconda3/envs/openmm/bin/../lib/gcc/../../lib/gcc/x86_64-conda-linux-gnu/12.2.0/include"]
  ignore line: [ignoring nonexistent directory "/home/jim/anaconda3/envs/openmm/bin/../x86_64-conda-linux-gnu/sysroot/usr/local/include"]
  ignore line: [ignoring duplicate directory "/home/jim/anaconda3/envs/openmm/bin/../lib/gcc/../../lib/gcc/x86_64-conda-linux-gnu/12.2.0/include-fixed"]
  ignore line: [ignoring duplicate directory "/home/jim/anaconda3/envs/openmm/bin/../lib/gcc/../../lib/gcc/x86_64-conda-linux-gnu/12.2.0/../../../../x86_64-conda-linux-gnu/include"]
  ignore line: [#include "..." search starts here:]
  ignore line: [#include <...> search starts here:]
  ignore line: [ /home/jim/anaconda3/envs/openmm/include]
  ignore line: [ /home/jim/anaconda3/envs/openmm/bin/../lib/gcc/x86_64-conda-linux-gnu/12.2.0/include]
  ignore line: [ /home/jim/anaconda3/envs/openmm/bin/../lib/gcc/x86_64-conda-linux-gnu/12.2.0/include-fixed]
  ignore line: [ /home/jim/anaconda3/envs/openmm/bin/../lib/gcc/x86_64-conda-linux-gnu/12.2.0/../../../../x86_64-conda-linux-gnu/include]
  ignore line: [ /home/jim/anaconda3/envs/openmm/bin/../lib/gcc/../../x86_64-conda-linux-gnu/include/c++/12.2.0]
  ignore line: [ /home/jim/anaconda3/envs/openmm/bin/../lib/gcc/../../x86_64-conda-linux-gnu/include/c++/12.2.0/x86_64-conda-linux-gnu]
  ignore line: [ /home/jim/anaconda3/envs/openmm/bin/../lib/gcc/../../x86_64-conda-linux-gnu/include/c++/12.2.0/backward]
  ignore line: [ /home/jim/anaconda3/envs/openmm/bin/../x86_64-conda-linux-gnu/sysroot/usr/include]
  ignore line: [End of search list.]
  ignore line: [GNU C++17 (conda-forge gcc 12.2.0-19) version 12.2.0 (x86_64-conda-linux-gnu)]
  ignore line: [	compiled by GNU C version 12.2.0  GMP version 6.2.1  MPFR version 4.1.0  MPC version 1.2.1  isl version isl-0.24-GMP]
  ignore line: []
  ignore line: [GGC heuristics: --param ggc-min-expand=100 --param ggc-min-heapsize=131072]
  ignore line: [Compiler executable checksum: fbf67d0d09f5a25e299e94d7fca6d5e5]
  ignore line: [COMPILER_PATH=/home/jim/anaconda3/envs/openmm/bin/../libexec/gcc/x86_64-conda-linux-gnu/12.2.0/:/home/jim/anaconda3/envs/openmm/bin/../libexec/gcc/:/home/jim/anaconda3/envs/openmm/bin/../lib/gcc/x86_64-conda-linux-gnu/12.2.0/../../../../x86_64-conda-linux-gnu/bin/]
  ignore line: [LIBRARY_PATH=/home/jim/anaconda3/envs/openmm/bin/../lib/gcc/x86_64-conda-linux-gnu/12.2.0/:/home/jim/anaconda3/envs/openmm/bin/../lib/gcc/:/home/jim/anaconda3/envs/openmm/bin/../lib/gcc/x86_64-conda-linux-gnu/12.2.0/../../../../x86_64-conda-linux-gnu/lib/../lib/:/home/jim/anaconda3/envs/openmm/bin/../lib/gcc/x86_64-conda-linux-gnu/12.2.0/../../../../lib/:/home/jim/anaconda3/envs/openmm/bin/../x86_64-conda-linux-gnu/sysroot/lib/../lib/:/home/jim/anaconda3/envs/openmm/bin/../x86_64-conda-linux-gnu/sysroot/usr/lib/../lib/:/home/jim/anaconda3/envs/openmm/bin/../lib/gcc/x86_64-conda-linux-gnu/12.2.0/../../../../x86_64-conda-linux-gnu/lib/:/home/jim/anaconda3/envs/openmm/bin/../lib/gcc/x86_64-conda-linux-gnu/12.2.0/../../../:/home/jim/anaconda3/envs/openmm/bin/../x86_64-conda-linux-gnu/sysroot/lib/:/home/jim/anaconda3/envs/openmm/bin/../x86_64-conda-linux-gnu/sysroot/usr/lib/]
  ignore line: [COLLECT_GCC_OPTIONS='-fvisibility-inlines-hidden' '-fmessage-length=0' '-march=nocona' '-mtune=haswell' '-ftree-vectorize' '-fPIC' '-fstack-protector-strong' '-fno-plt' '-O2' '-ffunction-sections' '-pipe' '-isystem' '/home/jim/anaconda3/envs/openmm/include' '-v' '-o' 'CMakeFiles/cmTC_ba699.dir/CMakeCXXCompilerABI.cpp.o' '-c' '-shared-libgcc' '-dumpdir' 'CMakeFiles/cmTC_ba699.dir/CMakeCXXCompilerABI.cpp.']
  ignore line: [Linking CXX executable cmTC_ba699]
  ignore line: [/usr/bin/cmake -E cmake_link_script CMakeFiles/cmTC_ba699.dir/link.txt --verbose=1]
  ignore line: [/home/jim/anaconda3/envs/openmm/bin/x86_64-conda-linux-gnu-c++ -fvisibility-inlines-hidden -fmessage-length=0 -march=nocona -mtune=haswell -ftree-vectorize -fPIC -fstack-protector-strong -fno-plt -O2 -ffunction-sections -pipe -isystem /home/jim/anaconda3/envs/openmm/include  -Wl -O2 -Wl --sort-common -Wl --as-needed -Wl -z relro -Wl -z now -Wl --disable-new-dtags -Wl --gc-sections -Wl --allow-shlib-undefined -Wl -rpath /home/jim/anaconda3/envs/openmm/lib -Wl -rpath-link /home/jim/anaconda3/envs/openmm/lib -L/home/jim/anaconda3/envs/openmm/lib -v CMakeFiles/cmTC_ba699.dir/CMakeCXXCompilerABI.cpp.o -o cmTC_ba699 ]
  ignore line: [Reading specs from /home/jim/anaconda3/envs/openmm/bin/../lib/gcc/x86_64-conda-linux-gnu/12.2.0/specs]
  ignore line: [could not find specs file conda.specs]
  ignore line: [COLLECT_GCC=/home/jim/anaconda3/envs/openmm/bin/x86_64-conda-linux-gnu-c++]
  ignore line: [COLLECT_LTO_WRAPPER=/home/jim/anaconda3/envs/openmm/bin/../libexec/gcc/x86_64-conda-linux-gnu/12.2.0/lto-wrapper]
  ignore line: [Target: x86_64-conda-linux-gnu]
  ignore line: [Configured with: ../configure --prefix=/home/conda/feedstock_root/build_artifacts/gcc_compilers_1666516830325/_h_env_placehold_placehold_placehold_placehold_placehold_placehold_placehold_placehold_placehold_placehold_placehold_placehold_placehold_placehold_placehold_placehold_placehold_placeho --with-slibdir=/home/conda/feedstock_root/build_artifacts/gcc_compilers_1666516830325/_h_env_placehold_placehold_placehold_placehold_placehold_placehold_placehold_placehold_placehold_placehold_placehold_placehold_placehold_placehold_placehold_placehold_placehold_placeho/lib --libdir=/home/conda/feedstock_root/build_artifacts/gcc_compilers_1666516830325/_h_env_placehold_placehold_placehold_placehold_placehold_placehold_placehold_placehold_placehold_placehold_placehold_placehold_placehold_placehold_placehold_placehold_placehold_placeho/lib --mandir=/home/conda/feedstock_root/build_artifacts/gcc_compilers_1666516830325/_h_env_placehold_placehold_placehold_placehold_placehold_placehold_placehold_placehold_placehold_placehold_placehold_placehold_placehold_placehold_placehold_placehold_placehold_placeho/man --build=x86_64-conda-linux-gnu --host=x86_64-conda-linux-gnu --target=x86_64-conda-linux-gnu --enable-default-pie --enable-languages=c c++ fortran objc obj-c++ --enable-__cxa_atexit --disable-libmudflap --enable-libgomp --disable-libssp --enable-libquadmath --enable-libquadmath-support --enable-libsanitizer --enable-lto --enable-threads=posix --enable-target-optspace --enable-plugin --enable-gold --disable-nls --disable-bootstrap --disable-multilib --enable-long-long --with-sysroot=/home/conda/feedstock_root/build_artifacts/gcc_compilers_1666516830325/_h_env_placehold_placehold_placehold_placehold_placehold_placehold_placehold_placehold_placehold_placehold_placehold_placehold_placehold_placehold_placehold_placehold_placehold_placeho/x86_64-conda-linux-gnu/sysroot --with-build-sysroot=/home/conda/feedstock_root/build_artifacts/gcc_compilers_1666516830325/_build_env/x86_64-conda-linux-gnu/sysroot --with-gxx-include-dir=/home/conda/feedstock_root/build_artifacts/gcc_compilers_1666516830325/_h_env_placehold_placehold_placehold_placehold_placehold_placehold_placehold_placehold_placehold_placehold_placehold_placehold_placehold_placehold_placehold_placehold_placehold_placeho/x86_64-conda-linux-gnu/include/c++/12.2.0 --with-pkgversion='conda-forge gcc 12.2.0-19' --with-bugurl=https://github.com/conda-forge/ctng-compilers-feedstock/issues/new/choose]
  ignore line: [Thread model: posix]
  ignore line: [Supported LTO compression algorithms: zlib]
  ignore line: [gcc version 12.2.0 (conda-forge gcc 12.2.0-19) ]
  ignore line: [COMPILER_PATH=/home/jim/anaconda3/envs/openmm/bin/../libexec/gcc/x86_64-conda-linux-gnu/12.2.0/:/home/jim/anaconda3/envs/openmm/bin/../libexec/gcc/:/home/jim/anaconda3/envs/openmm/bin/../lib/gcc/x86_64-conda-linux-gnu/12.2.0/../../../../x86_64-conda-linux-gnu/bin/]
  ignore line: [LIBRARY_PATH=/home/jim/anaconda3/envs/openmm/bin/../lib/gcc/x86_64-conda-linux-gnu/12.2.0/:/home/jim/anaconda3/envs/openmm/bin/../lib/gcc/:/home/jim/anaconda3/envs/openmm/bin/../lib/gcc/x86_64-conda-linux-gnu/12.2.0/../../../../x86_64-conda-linux-gnu/lib/../lib/:/home/jim/anaconda3/envs/openmm/bin/../lib/gcc/x86_64-conda-linux-gnu/12.2.0/../../../../lib/:/home/jim/anaconda3/envs/openmm/bin/../x86_64-conda-linux-gnu/sysroot/lib/../lib/:/home/jim/anaconda3/envs/openmm/bin/../x86_64-conda-linux-gnu/sysroot/usr/lib/../lib/:/home/jim/anaconda3/envs/openmm/bin/../lib/gcc/x86_64-conda-linux-gnu/12.2.0/../../../../x86_64-conda-linux-gnu/lib/:/home/jim/anaconda3/envs/openmm/bin/../lib/gcc/x86_64-conda-linux-gnu/12.2.0/../../../:/home/jim/anaconda3/envs/openmm/bin/../x86_64-conda-linux-gnu/sysroot/lib/:/home/jim/anaconda3/envs/openmm/bin/../x86_64-conda-linux-gnu/sysroot/usr/lib/]
  ignore line: [COLLECT_GCC_OPTIONS='-fvisibility-inlines-hidden' '-fmessage-length=0' '-march=nocona' '-mtune=haswell' '-ftree-vectorize' '-fPIC' '-fstack-protector-strong' '-fno-plt' '-O2' '-ffunction-sections' '-pipe' '-isystem' '/home/jim/anaconda3/envs/openmm/include' '-L/home/jim/anaconda3/envs/openmm/lib' '-v' '-o' 'cmTC_ba699' '-shared-libgcc' '-dumpdir' 'cmTC_ba699.']
  link line: [ /home/jim/anaconda3/envs/openmm/bin/../libexec/gcc/x86_64-conda-linux-gnu/12.2.0/collect2 -plugin /home/jim/anaconda3/envs/openmm/bin/../libexec/gcc/x86_64-conda-linux-gnu/12.2.0/liblto_plugin.so -plugin-opt=/home/jim/anaconda3/envs/openmm/bin/../libexec/gcc/x86_64-conda-linux-gnu/12.2.0/lto-wrapper -plugin-opt=-fresolution=/tmp/ccOFjMpt.res -plugin-opt=-pass-through=-lgcc_s -plugin-opt=-pass-through=-lgcc -plugin-opt=-pass-through=-lc -plugin-opt=-pass-through=-lgcc_s -plugin-opt=-pass-through=-lgcc --sysroot=/home/jim/anaconda3/envs/openmm/bin/../x86_64-conda-linux-gnu/sysroot --eh-frame-hdr -m elf_x86_64 -dynamic-linker /lib64/ld-linux-x86-64.so.2 -pie -o cmTC_ba699 /home/jim/anaconda3/envs/openmm/bin/../x86_64-conda-linux-gnu/sysroot/usr/lib/../lib/Scrt1.o /home/jim/anaconda3/envs/openmm/bin/../x86_64-conda-linux-gnu/sysroot/usr/lib/../lib/crti.o /home/jim/anaconda3/envs/openmm/bin/../lib/gcc/x86_64-conda-linux-gnu/12.2.0/crtbeginS.o -L/home/jim/anaconda3/envs/openmm/lib -L/home/jim/anaconda3/envs/openmm/bin/../lib/gcc/x86_64-conda-linux-gnu/12.2.0 -L/home/jim/anaconda3/envs/openmm/bin/../lib/gcc -L/home/jim/anaconda3/envs/openmm/bin/../lib/gcc/x86_64-conda-linux-gnu/12.2.0/../../../../x86_64-conda-linux-gnu/lib/../lib -L/home/jim/anaconda3/envs/openmm/bin/../lib/gcc/x86_64-conda-linux-gnu/12.2.0/../../../../lib -L/home/jim/anaconda3/envs/openmm/bin/../x86_64-conda-linux-gnu/sysroot/lib/../lib -L/home/jim/anaconda3/envs/openmm/bin/../x86_64-conda-linux-gnu/sysroot/usr/lib/../lib -L/home/jim/anaconda3/envs/openmm/bin/../lib/gcc/x86_64-conda-linux-gnu/12.2.0/../../../../x86_64-conda-linux-gnu/lib -L/home/jim/anaconda3/envs/openmm/bin/../lib/gcc/x86_64-conda-linux-gnu/12.2.0/../../.. -L/home/jim/anaconda3/envs/openmm/bin/../x86_64-conda-linux-gnu/sysroot/lib -L/home/jim/anaconda3/envs/openmm/bin/../x86_64-conda-linux-gnu/sysroot/usr/lib -O2 --sort-common --as-needed -z relro -z now --disable-new-dtags --gc-sections --allow-shlib-undefined -rpath /home/jim/anaconda3/envs/openmm/lib -rpath-link /home/jim/anaconda3/envs/openmm/lib CMakeFiles/cmTC_ba699.dir/CMakeCXXCompilerABI.cpp.o -lstdc++ -lm -lgcc_s -lgcc -lc -lgcc_s -lgcc /home/jim/anaconda3/envs/openmm/bin/../lib/gcc/x86_64-conda-linux-gnu/12.2.0/crtendS.o /home/jim/anaconda3/envs/openmm/bin/../x86_64-conda-linux-gnu/sysroot/usr/lib/../lib/crtn.o -rpath /home/jim/anaconda3/envs/openmm/lib]
    arg [/home/jim/anaconda3/envs/openmm/bin/../libexec/gcc/x86_64-conda-linux-gnu/12.2.0/collect2] ==> ignore
    arg [-plugin] ==> ignore
    arg [/home/jim/anaconda3/envs/openmm/bin/../libexec/gcc/x86_64-conda-linux-gnu/12.2.0/liblto_plugin.so] ==> ignore
    arg [-plugin-opt=/home/jim/anaconda3/envs/openmm/bin/../libexec/gcc/x86_64-conda-linux-gnu/12.2.0/lto-wrapper] ==> ignore
    arg [-plugin-opt=-fresolution=/tmp/ccOFjMpt.res] ==> ignore
    arg [-plugin-opt=-pass-through=-lgcc_s] ==> ignore
    arg [-plugin-opt=-pass-through=-lgcc] ==> ignore
    arg [-plugin-opt=-pass-through=-lc] ==> ignore
    arg [-plugin-opt=-pass-through=-lgcc_s] ==> ignore
    arg [-plugin-opt=-pass-through=-lgcc] ==> ignore
    arg [--sysroot=/home/jim/anaconda3/envs/openmm/bin/../x86_64-conda-linux-gnu/sysroot] ==> ignore
    arg [--eh-frame-hdr] ==> ignore
    arg [-m] ==> ignore
    arg [elf_x86_64] ==> ignore
    arg [-dynamic-linker] ==> ignore
    arg [/lib64/ld-linux-x86-64.so.2] ==> ignore
    arg [-pie] ==> ignore
    arg [-o] ==> ignore
    arg [cmTC_ba699] ==> ignore
    arg [/home/jim/anaconda3/envs/openmm/bin/../x86_64-conda-linux-gnu/sysroot/usr/lib/../lib/Scrt1.o] ==> obj [/home/jim/anaconda3/envs/openmm/bin/../x86_64-conda-linux-gnu/sysroot/usr/lib/../lib/Scrt1.o]
    arg [/home/jim/anaconda3/envs/openmm/bin/../x86_64-conda-linux-gnu/sysroot/usr/lib/../lib/crti.o] ==> obj [/home/jim/anaconda3/envs/openmm/bin/../x86_64-conda-linux-gnu/sysroot/usr/lib/../lib/crti.o]
    arg [/home/jim/anaconda3/envs/openmm/bin/../lib/gcc/x86_64-conda-linux-gnu/12.2.0/crtbeginS.o] ==> obj [/home/jim/anaconda3/envs/openmm/bin/../lib/gcc/x86_64-conda-linux-gnu/12.2.0/crtbeginS.o]
    arg [-L/home/jim/anaconda3/envs/openmm/lib] ==> dir [/home/jim/anaconda3/envs/openmm/lib]
    arg [-L/home/jim/anaconda3/envs/openmm/bin/../lib/gcc/x86_64-conda-linux-gnu/12.2.0] ==> dir [/home/jim/anaconda3/envs/openmm/bin/../lib/gcc/x86_64-conda-linux-gnu/12.2.0]
    arg [-L/home/jim/anaconda3/envs/openmm/bin/../lib/gcc] ==> dir [/home/jim/anaconda3/envs/openmm/bin/../lib/gcc]
    arg [-L/home/jim/anaconda3/envs/openmm/bin/../lib/gcc/x86_64-conda-linux-gnu/12.2.0/../../../../x86_64-conda-linux-gnu/lib/../lib] ==> dir [/home/jim/anaconda3/envs/openmm/bin/../lib/gcc/x86_64-conda-linux-gnu/12.2.0/../../../../x86_64-conda-linux-gnu/lib/../lib]
    arg [-L/home/jim/anaconda3/envs/openmm/bin/../lib/gcc/x86_64-conda-linux-gnu/12.2.0/../../../../lib] ==> dir [/home/jim/anaconda3/envs/openmm/bin/../lib/gcc/x86_64-conda-linux-gnu/12.2.0/../../../../lib]
    arg [-L/home/jim/anaconda3/envs/openmm/bin/../x86_64-conda-linux-gnu/sysroot/lib/../lib] ==> dir [/home/jim/anaconda3/envs/openmm/bin/../x86_64-conda-linux-gnu/sysroot/lib/../lib]
    arg [-L/home/jim/anaconda3/envs/openmm/bin/../x86_64-conda-linux-gnu/sysroot/usr/lib/../lib] ==> dir [/home/jim/anaconda3/envs/openmm/bin/../x86_64-conda-linux-gnu/sysroot/usr/lib/../lib]
    arg [-L/home/jim/anaconda3/envs/openmm/bin/../lib/gcc/x86_64-conda-linux-gnu/12.2.0/../../../../x86_64-conda-linux-gnu/lib] ==> dir [/home/jim/anaconda3/envs/openmm/bin/../lib/gcc/x86_64-conda-linux-gnu/12.2.0/../../../../x86_64-conda-linux-gnu/lib]
    arg [-L/home/jim/anaconda3/envs/openmm/bin/../lib/gcc/x86_64-conda-linux-gnu/12.2.0/../../..] ==> dir [/home/jim/anaconda3/envs/openmm/bin/../lib/gcc/x86_64-conda-linux-gnu/12.2.0/../../..]
    arg [-L/home/jim/anaconda3/envs/openmm/bin/../x86_64-conda-linux-gnu/sysroot/lib] ==> dir [/home/jim/anaconda3/envs/openmm/bin/../x86_64-conda-linux-gnu/sysroot/lib]
    arg [-L/home/jim/anaconda3/envs/openmm/bin/../x86_64-conda-linux-gnu/sysroot/usr/lib] ==> dir [/home/jim/anaconda3/envs/openmm/bin/../x86_64-conda-linux-gnu/sysroot/usr/lib]
    arg [-O2] ==> ignore
    arg [--sort-common] ==> ignore
    arg [--as-needed] ==> ignore
    arg [-zrelro] ==> ignore
    arg [-znow] ==> ignore
    arg [--disable-new-dtags] ==> ignore
    arg [--gc-sections] ==> ignore
    arg [--allow-shlib-undefined] ==> ignore
    arg [-rpath] ==> ignore
    arg [/home/jim/anaconda3/envs/openmm/lib] ==> ignore
    arg [-rpath-link] ==> ignore
    arg [/home/jim/anaconda3/envs/openmm/lib] ==> ignore
    arg [CMakeFiles/cmTC_ba699.dir/CMakeCXXCompilerABI.cpp.o] ==> ignore
    arg [-lstdc++] ==> lib [stdc++]
    arg [-lm] ==> lib [m]
    arg [-lgcc_s] ==> lib [gcc_s]
    arg [-lgcc] ==> lib [gcc]
    arg [-lc] ==> lib [c]
    arg [-lgcc_s] ==> lib [gcc_s]
    arg [-lgcc] ==> lib [gcc]
    arg [/home/jim/anaconda3/envs/openmm/bin/../lib/gcc/x86_64-conda-linux-gnu/12.2.0/crtendS.o] ==> obj [/home/jim/anaconda3/envs/openmm/bin/../lib/gcc/x86_64-conda-linux-gnu/12.2.0/crtendS.o]
    arg [/home/jim/anaconda3/envs/openmm/bin/../x86_64-conda-linux-gnu/sysroot/usr/lib/../lib/crtn.o] ==> obj [/home/jim/anaconda3/envs/openmm/bin/../x86_64-conda-linux-gnu/sysroot/usr/lib/../lib/crtn.o]
    arg [-rpath] ==> ignore
    arg [/home/jim/anaconda3/envs/openmm/lib] ==> ignore
  collapse obj [/home/jim/anaconda3/envs/openmm/bin/../x86_64-conda-linux-gnu/sysroot/usr/lib/../lib/Scrt1.o] ==> [/home/jim/anaconda3/envs/openmm/x86_64-conda-linux-gnu/sysroot/usr/lib/Scrt1.o]
  collapse obj [/home/jim/anaconda3/envs/openmm/bin/../x86_64-conda-linux-gnu/sysroot/usr/lib/../lib/crti.o] ==> [/home/jim/anaconda3/envs/openmm/x86_64-conda-linux-gnu/sysroot/usr/lib/crti.o]
  collapse obj [/home/jim/anaconda3/envs/openmm/bin/../lib/gcc/x86_64-conda-linux-gnu/12.2.0/crtbeginS.o] ==> [/home/jim/anaconda3/envs/openmm/lib/gcc/x86_64-conda-linux-gnu/12.2.0/crtbeginS.o]
  collapse obj [/home/jim/anaconda3/envs/openmm/bin/../lib/gcc/x86_64-conda-linux-gnu/12.2.0/crtendS.o] ==> [/home/jim/anaconda3/envs/openmm/lib/gcc/x86_64-conda-linux-gnu/12.2.0/crtendS.o]
  collapse obj [/home/jim/anaconda3/envs/openmm/bin/../x86_64-conda-linux-gnu/sysroot/usr/lib/../lib/crtn.o] ==> [/home/jim/anaconda3/envs/openmm/x86_64-conda-linux-gnu/sysroot/usr/lib/crtn.o]
  collapse library dir [/home/jim/anaconda3/envs/openmm/lib] ==> [/home/jim/anaconda3/envs/openmm/lib]
  collapse library dir [/home/jim/anaconda3/envs/openmm/bin/../lib/gcc/x86_64-conda-linux-gnu/12.2.0] ==> [/home/jim/anaconda3/envs/openmm/lib/gcc/x86_64-conda-linux-gnu/12.2.0]
  collapse library dir [/home/jim/anaconda3/envs/openmm/bin/../lib/gcc] ==> [/home/jim/anaconda3/envs/openmm/lib/gcc]
  collapse library dir [/home/jim/anaconda3/envs/openmm/bin/../lib/gcc/x86_64-conda-linux-gnu/12.2.0/../../../../x86_64-conda-linux-gnu/lib/../lib] ==> [/home/jim/anaconda3/envs/openmm/x86_64-conda-linux-gnu/lib]
  collapse library dir [/home/jim/anaconda3/envs/openmm/bin/../lib/gcc/x86_64-conda-linux-gnu/12.2.0/../../../../lib] ==> [/home/jim/anaconda3/envs/openmm/lib]
  collapse library dir [/home/jim/anaconda3/envs/openmm/bin/../x86_64-conda-linux-gnu/sysroot/lib/../lib] ==> [/home/jim/anaconda3/envs/openmm/x86_64-conda-linux-gnu/sysroot/lib]
  collapse library dir [/home/jim/anaconda3/envs/openmm/bin/../x86_64-conda-linux-gnu/sysroot/usr/lib/../lib] ==> [/home/jim/anaconda3/envs/openmm/x86_64-conda-linux-gnu/sysroot/usr/lib]
  collapse library dir [/home/jim/anaconda3/envs/openmm/bin/../lib/gcc/x86_64-conda-linux-gnu/12.2.0/../../../../x86_64-conda-linux-gnu/lib] ==> [/home/jim/anaconda3/envs/openmm/x86_64-conda-linux-gnu/lib]
  collapse library dir [/home/jim/anaconda3/envs/openmm/bin/../lib/gcc/x86_64-conda-linux-gnu/12.2.0/../../..] ==> [/home/jim/anaconda3/envs/openmm/lib]
  collapse library dir [/home/jim/anaconda3/envs/openmm/bin/../x86_64-conda-linux-gnu/sysroot/lib] ==> [/home/jim/anaconda3/envs/openmm/x86_64-conda-linux-gnu/sysroot/lib]
  collapse library dir [/home/jim/anaconda3/envs/openmm/bin/../x86_64-conda-linux-gnu/sysroot/usr/lib] ==> [/home/jim/anaconda3/envs/openmm/x86_64-conda-linux-gnu/sysroot/usr/lib]
  implicit libs: [stdc++;m;gcc_s;gcc;c;gcc_s;gcc]
  implicit objs: [/home/jim/anaconda3/envs/openmm/x86_64-conda-linux-gnu/sysroot/usr/lib/Scrt1.o;/home/jim/anaconda3/envs/openmm/x86_64-conda-linux-gnu/sysroot/usr/lib/crti.o;/home/jim/anaconda3/envs/openmm/lib/gcc/x86_64-conda-linux-gnu/12.2.0/crtbeginS.o;/home/jim/anaconda3/envs/openmm/lib/gcc/x86_64-conda-linux-gnu/12.2.0/crtendS.o;/home/jim/anaconda3/envs/openmm/x86_64-conda-linux-gnu/sysroot/usr/lib/crtn.o]
  implicit dirs: [/home/jim/anaconda3/envs/openmm/lib;/home/jim/anaconda3/envs/openmm/lib/gcc/x86_64-conda-linux-gnu/12.2.0;/home/jim/anaconda3/envs/openmm/lib/gcc;/home/jim/anaconda3/envs/openmm/x86_64-conda-linux-gnu/lib;/home/jim/anaconda3/envs/openmm/x86_64-conda-linux-gnu/sysroot/lib;/home/jim/anaconda3/envs/openmm/x86_64-conda-linux-gnu/sysroot/usr/lib]
  implicit fwks: []


Determining if the include file pthread.h exists passed with the following output:
Change Dir: /home/jim/src/p310/openmmgridforce/openmmgridforce_build/CMakeFiles/CMakeTmp

Run Build Command(s):/usr/bin/gmake -f Makefile cmTC_a273f/fast && /usr/bin/gmake  -f CMakeFiles/cmTC_a273f.dir/build.make CMakeFiles/cmTC_a273f.dir/build
gmake[1]: Entering directory '/home/jim/src/p310/openmmgridforce/openmmgridforce_build/CMakeFiles/CMakeTmp'
Building C object CMakeFiles/cmTC_a273f.dir/CheckIncludeFile.c.o
/home/jim/anaconda3/envs/openmm/bin/x86_64-conda-linux-gnu-cc   -fPIC  -o CMakeFiles/cmTC_a273f.dir/CheckIncludeFile.c.o -c /home/jim/src/p310/openmmgridforce/openmmgridforce_build/CMakeFiles/CMakeTmp/CheckIncludeFile.c
Linking C executable cmTC_a273f
/usr/bin/cmake -E cmake_link_script CMakeFiles/cmTC_a273f.dir/link.txt --verbose=1
/home/jim/anaconda3/envs/openmm/bin/x86_64-conda-linux-gnu-cc -fPIC  -Wl,-O2 -Wl,--sort-common -Wl,--as-needed -Wl,-z,relro -Wl,-z,now -Wl,--disable-new-dtags -Wl,--gc-sections -Wl,--allow-shlib-undefined -Wl,-rpath,/home/jim/anaconda3/envs/openmm/lib -Wl,-rpath-link,/home/jim/anaconda3/envs/openmm/lib -L/home/jim/anaconda3/envs/openmm/lib  CMakeFiles/cmTC_a273f.dir/CheckIncludeFile.c.o -o cmTC_a273f 
gmake[1]: Leaving directory '/home/jim/src/p310/openmmgridforce/openmmgridforce_build/CMakeFiles/CMakeTmp'



Determining if the function pthread_create exists in the pthread passed with the following output:
Change Dir: /home/jim/src/p310/openmmgridforce/openmmgridforce_build/CMakeFiles/CMakeTmp

Run Build Command(s):/usr/bin/gmake -f Makefile cmTC_70677/fast && /usr/bin/gmake  -f CMakeFiles/cmTC_70677.dir/build.make CMakeFiles/cmTC_70677.dir/build
gmake[1]: Entering directory '/home/jim/src/p310/openmmgridforce/openmmgridforce_build/CMakeFiles/CMakeTmp'
Building C object CMakeFiles/cmTC_70677.dir/CheckFunctionExists.c.o
/home/jim/anaconda3/envs/openmm/bin/x86_64-conda-linux-gnu-cc   -fPIC -DCHECK_FUNCTION_EXISTS=pthread_create -o CMakeFiles/cmTC_70677.dir/CheckFunctionExists.c.o -c /usr/share/cmake-3.22/Modules/CheckFunctionExists.c
Linking C executable cmTC_70677
/usr/bin/cmake -E cmake_link_script CMakeFiles/cmTC_70677.dir/link.txt --verbose=1
/home/jim/anaconda3/envs/openmm/bin/x86_64-conda-linux-gnu-cc -fPIC -DCHECK_FUNCTION_EXISTS=pthread_create -Wl,-O2 -Wl,--sort-common -Wl,--as-needed -Wl,-z,relro -Wl,-z,now -Wl,--disable-new-dtags -Wl,--gc-sections -Wl,--allow-shlib-undefined -Wl,-rpath,/home/jim/anaconda3/envs/openmm/lib -Wl,-rpath-link,/home/jim/anaconda3/envs/openmm/lib -L/home/jim/anaconda3/envs/openmm/lib  CMakeFiles/cmTC_70677.dir/CheckFunctionExists.c.o -o cmTC_70677  -lpthread 
gmake[1]: Leaving directory '/home/jim/src/p310/openmmgridforce/openmmgridforce_build/CMakeFiles/CMakeTmp'



